[2025-03-11T19:12:51.940+0000] {taskinstance.py:1083} INFO - Dependencies all met for <TaskInstance: project2.import_csv manual__2025-03-11T19:12:50.563766+00:00 [queued]>
[2025-03-11T19:12:51.948+0000] {taskinstance.py:1083} INFO - Dependencies all met for <TaskInstance: project2.import_csv manual__2025-03-11T19:12:50.563766+00:00 [queued]>
[2025-03-11T19:12:51.949+0000] {taskinstance.py:1279} INFO - 
--------------------------------------------------------------------------------
[2025-03-11T19:12:51.949+0000] {taskinstance.py:1280} INFO - Starting attempt 1 of 1
[2025-03-11T19:12:51.949+0000] {taskinstance.py:1281} INFO - 
--------------------------------------------------------------------------------
[2025-03-11T19:12:51.961+0000] {taskinstance.py:1300} INFO - Executing <Task(PostgresOperator): import_csv> on 2025-03-11 19:12:50.563766+00:00
[2025-03-11T19:12:51.965+0000] {standard_task_runner.py:55} INFO - Started process 120 to run task
[2025-03-11T19:12:51.968+0000] {standard_task_runner.py:82} INFO - Running: ['***', 'tasks', 'run', 'project2', 'import_csv', 'manual__2025-03-11T19:12:50.563766+00:00', '--job-id', '341', '--raw', '--subdir', 'DAGS_FOLDER/project2.py', '--cfg-path', '/tmp/tmp8yaom17h']
[2025-03-11T19:12:51.968+0000] {standard_task_runner.py:83} INFO - Job 341: Subtask import_csv
[2025-03-11T19:12:52.023+0000] {task_command.py:388} INFO - Running <TaskInstance: project2.import_csv manual__2025-03-11T19:12:50.563766+00:00 [running]> on host ea6da4397df7
[2025-03-11T19:12:52.105+0000] {taskinstance.py:1509} INFO - Exporting the following env vars:
AIRFLOW_CTX_DAG_OWNER=***
AIRFLOW_CTX_DAG_ID=project2
AIRFLOW_CTX_TASK_ID=import_csv
AIRFLOW_CTX_EXECUTION_DATE=2025-03-11T19:12:50.563766+00:00
AIRFLOW_CTX_TRY_NUMBER=1
AIRFLOW_CTX_DAG_RUN_ID=manual__2025-03-11T19:12:50.563766+00:00
[2025-03-11T19:12:52.106+0000] {sql.py:254} INFO - Executing: 
        COPY staging_hr FROM '/tmp/hr_data1.csv'
        DELIMITER ',' CSV HEADER;
        
[2025-03-11T19:12:52.114+0000] {base.py:73} INFO - Using connection ID 'postgres_conn' for task execution.
[2025-03-11T19:12:52.327+0000] {base.py:73} INFO - Using connection ID 'postgres_conn' for task execution.
[2025-03-11T19:12:52.347+0000] {sql.py:375} INFO - Running statement: 
        COPY staging_hr FROM '/tmp/hr_data1.csv'
        DELIMITER ',' CSV HEADER;
        , parameters: None
[2025-03-11T19:12:52.354+0000] {sql.py:384} INFO - Rows affected: 368
[2025-03-11T19:12:52.370+0000] {taskinstance.py:1323} INFO - Marking task as SUCCESS. dag_id=project2, task_id=import_csv, execution_date=20250311T191250, start_date=20250311T191251, end_date=20250311T191252
[2025-03-11T19:12:52.420+0000] {local_task_job.py:208} INFO - Task exited with return code 0
[2025-03-11T19:12:52.460+0000] {taskinstance.py:2578} INFO - 1 downstream tasks scheduled from follow-on schedule check
