[2025-03-10T17:32:18.417+0000] {taskinstance.py:1083} INFO - Dependencies all met for <TaskInstance: project2.import_csv manual__2025-03-10T17:32:17.464494+00:00 [queued]>
[2025-03-10T17:32:18.429+0000] {taskinstance.py:1083} INFO - Dependencies all met for <TaskInstance: project2.import_csv manual__2025-03-10T17:32:17.464494+00:00 [queued]>
[2025-03-10T17:32:18.429+0000] {taskinstance.py:1279} INFO - 
--------------------------------------------------------------------------------
[2025-03-10T17:32:18.429+0000] {taskinstance.py:1280} INFO - Starting attempt 1 of 1
[2025-03-10T17:32:18.430+0000] {taskinstance.py:1281} INFO - 
--------------------------------------------------------------------------------
[2025-03-10T17:32:18.443+0000] {taskinstance.py:1300} INFO - Executing <Task(PostgresOperator): import_csv> on 2025-03-10 17:32:17.464494+00:00
[2025-03-10T17:32:18.449+0000] {standard_task_runner.py:55} INFO - Started process 5831 to run task
[2025-03-10T17:32:18.452+0000] {standard_task_runner.py:82} INFO - Running: ['***', 'tasks', 'run', 'project2', 'import_csv', 'manual__2025-03-10T17:32:17.464494+00:00', '--job-id', '124', '--raw', '--subdir', 'DAGS_FOLDER/project2.py', '--cfg-path', '/tmp/tmp2tjexv1m']
[2025-03-10T17:32:18.453+0000] {standard_task_runner.py:83} INFO - Job 124: Subtask import_csv
[2025-03-10T17:32:18.526+0000] {task_command.py:388} INFO - Running <TaskInstance: project2.import_csv manual__2025-03-10T17:32:17.464494+00:00 [running]> on host 9f269e3d46f6
[2025-03-10T17:32:18.606+0000] {taskinstance.py:1509} INFO - Exporting the following env vars:
AIRFLOW_CTX_DAG_OWNER=***
AIRFLOW_CTX_DAG_ID=project2
AIRFLOW_CTX_TASK_ID=import_csv
AIRFLOW_CTX_EXECUTION_DATE=2025-03-10T17:32:17.464494+00:00
AIRFLOW_CTX_TRY_NUMBER=1
AIRFLOW_CTX_DAG_RUN_ID=manual__2025-03-10T17:32:17.464494+00:00
[2025-03-10T17:32:18.607+0000] {sql.py:254} INFO - Executing: 
        COPY staging_hr FROM '/tmp/hr_data1.csv' 
        DELIMITER ',' CSV HEADER;
        
[2025-03-10T17:32:18.616+0000] {base.py:73} INFO - Using connection ID 'postgres_conn' for task execution.
[2025-03-10T17:32:18.852+0000] {base.py:73} INFO - Using connection ID 'postgres_conn' for task execution.
[2025-03-10T17:32:18.895+0000] {sql.py:375} INFO - Running statement: 
        COPY staging_hr FROM '/tmp/hr_data1.csv' 
        DELIMITER ',' CSV HEADER;
        , parameters: None
[2025-03-10T17:32:18.901+0000] {taskinstance.py:1768} ERROR - Task failed with exception
Traceback (most recent call last):
  File "/home/airflow/.local/lib/python3.7/site-packages/airflow/providers/common/sql/operators/sql.py", line 266, in execute
    **extra_kwargs,
  File "/home/airflow/.local/lib/python3.7/site-packages/airflow/providers/common/sql/hooks/sql.py", line 349, in run
    self._run_command(cur, sql_statement, parameters)
  File "/home/airflow/.local/lib/python3.7/site-packages/airflow/providers/common/sql/hooks/sql.py", line 380, in _run_command
    cur.execute(sql_statement)
psycopg2.errors.InvalidTextRepresentation: invalid input syntax for type integer: "Female"
CONTEXT:  COPY staging_hr, line 2, column hourlyrate: "Female"

[2025-03-10T17:32:18.914+0000] {taskinstance.py:1323} INFO - Marking task as FAILED. dag_id=project2, task_id=import_csv, execution_date=20250310T173217, start_date=20250310T173218, end_date=20250310T173218
[2025-03-10T17:32:18.925+0000] {standard_task_runner.py:105} ERROR - Failed to execute job 124 for task import_csv (invalid input syntax for type integer: "Female"
CONTEXT:  COPY staging_hr, line 2, column hourlyrate: "Female"
; 5831)
[2025-03-10T17:32:18.947+0000] {local_task_job.py:208} INFO - Task exited with return code 1
[2025-03-10T17:32:18.974+0000] {taskinstance.py:2578} INFO - 0 downstream tasks scheduled from follow-on schedule check
