[2025-03-11T19:05:30.089+0000] {taskinstance.py:1083} INFO - Dependencies all met for <TaskInstance: project2.insert_employee_department manual__2025-03-11T19:05:24.489633+00:00 [queued]>
[2025-03-11T19:05:30.101+0000] {taskinstance.py:1083} INFO - Dependencies all met for <TaskInstance: project2.insert_employee_department manual__2025-03-11T19:05:24.489633+00:00 [queued]>
[2025-03-11T19:05:30.101+0000] {taskinstance.py:1279} INFO - 
--------------------------------------------------------------------------------
[2025-03-11T19:05:30.101+0000] {taskinstance.py:1280} INFO - Starting attempt 1 of 1
[2025-03-11T19:05:30.102+0000] {taskinstance.py:1281} INFO - 
--------------------------------------------------------------------------------
[2025-03-11T19:05:30.116+0000] {taskinstance.py:1300} INFO - Executing <Task(PostgresOperator): insert_employee_department> on 2025-03-11 19:05:24.489633+00:00
[2025-03-11T19:05:30.121+0000] {standard_task_runner.py:55} INFO - Started process 16749 to run task
[2025-03-11T19:05:30.123+0000] {standard_task_runner.py:82} INFO - Running: ['***', 'tasks', 'run', 'project2', 'insert_employee_department', 'manual__2025-03-11T19:05:24.489633+00:00', '--job-id', '334', '--raw', '--subdir', 'DAGS_FOLDER/project2.py', '--cfg-path', '/tmp/tmpua1ccrri']
[2025-03-11T19:05:30.124+0000] {standard_task_runner.py:83} INFO - Job 334: Subtask insert_employee_department
[2025-03-11T19:05:30.187+0000] {task_command.py:388} INFO - Running <TaskInstance: project2.insert_employee_department manual__2025-03-11T19:05:24.489633+00:00 [running]> on host 2ec744569db4
[2025-03-11T19:05:30.255+0000] {taskinstance.py:1509} INFO - Exporting the following env vars:
AIRFLOW_CTX_DAG_OWNER=***
AIRFLOW_CTX_DAG_ID=project2
AIRFLOW_CTX_TASK_ID=insert_employee_department
AIRFLOW_CTX_EXECUTION_DATE=2025-03-11T19:05:24.489633+00:00
AIRFLOW_CTX_TRY_NUMBER=1
AIRFLOW_CTX_DAG_RUN_ID=manual__2025-03-11T19:05:24.489633+00:00
[2025-03-11T19:05:30.256+0000] {sql.py:254} INFO - Executing: CALL update_employee_departments()
[2025-03-11T19:05:30.264+0000] {base.py:73} INFO - Using connection ID 'postgres_conn' for task execution.
[2025-03-11T19:05:30.469+0000] {base.py:73} INFO - Using connection ID 'postgres_conn' for task execution.
[2025-03-11T19:05:30.486+0000] {sql.py:375} INFO - Running statement: CALL update_employee_departments(), parameters: None
[2025-03-11T19:05:30.504+0000] {taskinstance.py:1323} INFO - Marking task as SUCCESS. dag_id=project2, task_id=insert_employee_department, execution_date=20250311T190524, start_date=20250311T190530, end_date=20250311T190530
[2025-03-11T19:05:30.536+0000] {local_task_job.py:208} INFO - Task exited with return code 0
[2025-03-11T19:05:30.563+0000] {taskinstance.py:2578} INFO - 1 downstream tasks scheduled from follow-on schedule check
