[2025-03-10T23:49:30.483+0000] {taskinstance.py:1083} INFO - Dependencies all met for <TaskInstance: project2.insert_salaries manual__2025-03-10T23:49:23.150908+00:00 [queued]>
[2025-03-10T23:49:30.493+0000] {taskinstance.py:1083} INFO - Dependencies all met for <TaskInstance: project2.insert_salaries manual__2025-03-10T23:49:23.150908+00:00 [queued]>
[2025-03-10T23:49:30.493+0000] {taskinstance.py:1279} INFO - 
--------------------------------------------------------------------------------
[2025-03-10T23:49:30.494+0000] {taskinstance.py:1280} INFO - Starting attempt 1 of 1
[2025-03-10T23:49:30.494+0000] {taskinstance.py:1281} INFO - 
--------------------------------------------------------------------------------
[2025-03-10T23:49:30.508+0000] {taskinstance.py:1300} INFO - Executing <Task(PostgresOperator): insert_salaries> on 2025-03-10 23:49:23.150908+00:00
[2025-03-10T23:49:30.513+0000] {standard_task_runner.py:55} INFO - Started process 2668 to run task
[2025-03-10T23:49:30.515+0000] {standard_task_runner.py:82} INFO - Running: ['***', 'tasks', 'run', 'project2', 'insert_salaries', 'manual__2025-03-10T23:49:23.150908+00:00', '--job-id', '191', '--raw', '--subdir', 'DAGS_FOLDER/project2.py', '--cfg-path', '/tmp/tmpei3tu2xf']
[2025-03-10T23:49:30.516+0000] {standard_task_runner.py:83} INFO - Job 191: Subtask insert_salaries
[2025-03-10T23:49:30.579+0000] {task_command.py:388} INFO - Running <TaskInstance: project2.insert_salaries manual__2025-03-10T23:49:23.150908+00:00 [running]> on host 9670e20211e7
[2025-03-10T23:49:30.643+0000] {taskinstance.py:1509} INFO - Exporting the following env vars:
AIRFLOW_CTX_DAG_OWNER=***
AIRFLOW_CTX_DAG_ID=project2
AIRFLOW_CTX_TASK_ID=insert_salaries
AIRFLOW_CTX_EXECUTION_DATE=2025-03-10T23:49:23.150908+00:00
AIRFLOW_CTX_TRY_NUMBER=1
AIRFLOW_CTX_DAG_RUN_ID=manual__2025-03-10T23:49:23.150908+00:00
[2025-03-10T23:49:30.644+0000] {sql.py:254} INFO - Executing: CALL update_salaries();
[2025-03-10T23:49:30.653+0000] {base.py:73} INFO - Using connection ID 'postgres_conn' for task execution.
[2025-03-10T23:49:30.850+0000] {base.py:73} INFO - Using connection ID 'postgres_conn' for task execution.
[2025-03-10T23:49:30.868+0000] {sql.py:375} INFO - Running statement: CALL update_salaries();, parameters: None
[2025-03-10T23:49:30.915+0000] {taskinstance.py:1323} INFO - Marking task as SUCCESS. dag_id=project2, task_id=insert_salaries, execution_date=20250310T234923, start_date=20250310T234930, end_date=20250310T234930
[2025-03-10T23:49:30.969+0000] {local_task_job.py:208} INFO - Task exited with return code 0
[2025-03-10T23:49:30.986+0000] {taskinstance.py:2578} INFO - 0 downstream tasks scheduled from follow-on schedule check
