[2025-03-11T14:35:56.328+0000] {taskinstance.py:1083} INFO - Dependencies all met for <TaskInstance: project2.clear_staging manual__2025-03-11T14:35:48.457721+00:00 [queued]>
[2025-03-11T14:35:56.339+0000] {taskinstance.py:1083} INFO - Dependencies all met for <TaskInstance: project2.clear_staging manual__2025-03-11T14:35:48.457721+00:00 [queued]>
[2025-03-11T14:35:56.340+0000] {taskinstance.py:1279} INFO - 
--------------------------------------------------------------------------------
[2025-03-11T14:35:56.340+0000] {taskinstance.py:1280} INFO - Starting attempt 1 of 1
[2025-03-11T14:35:56.341+0000] {taskinstance.py:1281} INFO - 
--------------------------------------------------------------------------------
[2025-03-11T14:35:56.353+0000] {taskinstance.py:1300} INFO - Executing <Task(PostgresOperator): clear_staging> on 2025-03-11 14:35:48.457721+00:00
[2025-03-11T14:35:56.358+0000] {standard_task_runner.py:55} INFO - Started process 4117 to run task
[2025-03-11T14:35:56.362+0000] {standard_task_runner.py:82} INFO - Running: ['***', 'tasks', 'run', 'project2', 'clear_staging', 'manual__2025-03-11T14:35:48.457721+00:00', '--job-id', '250', '--raw', '--subdir', 'DAGS_FOLDER/project2.py', '--cfg-path', '/tmp/tmpbn8t6a_p']
[2025-03-11T14:35:56.362+0000] {standard_task_runner.py:83} INFO - Job 250: Subtask clear_staging
[2025-03-11T14:35:56.426+0000] {task_command.py:388} INFO - Running <TaskInstance: project2.clear_staging manual__2025-03-11T14:35:48.457721+00:00 [running]> on host 2ec744569db4
[2025-03-11T14:35:56.490+0000] {taskinstance.py:1509} INFO - Exporting the following env vars:
AIRFLOW_CTX_DAG_OWNER=***
AIRFLOW_CTX_DAG_ID=project2
AIRFLOW_CTX_TASK_ID=clear_staging
AIRFLOW_CTX_EXECUTION_DATE=2025-03-11T14:35:48.457721+00:00
AIRFLOW_CTX_TRY_NUMBER=1
AIRFLOW_CTX_DAG_RUN_ID=manual__2025-03-11T14:35:48.457721+00:00
[2025-03-11T14:35:56.491+0000] {sql.py:254} INFO - Executing: CALL truncate_table('staging_hr');
[2025-03-11T14:35:56.499+0000] {base.py:73} INFO - Using connection ID 'postgres_conn' for task execution.
[2025-03-11T14:35:56.712+0000] {base.py:73} INFO - Using connection ID 'postgres_conn' for task execution.
[2025-03-11T14:35:56.736+0000] {sql.py:375} INFO - Running statement: CALL truncate_table('staging_hr');, parameters: None
[2025-03-11T14:35:56.760+0000] {taskinstance.py:1323} INFO - Marking task as SUCCESS. dag_id=project2, task_id=clear_staging, execution_date=20250311T143548, start_date=20250311T143556, end_date=20250311T143556
[2025-03-11T14:35:56.814+0000] {local_task_job.py:208} INFO - Task exited with return code 0
[2025-03-11T14:35:56.829+0000] {taskinstance.py:2578} INFO - 0 downstream tasks scheduled from follow-on schedule check
