[2025-03-11T19:05:32.873+0000] {taskinstance.py:1083} INFO - Dependencies all met for <TaskInstance: project2.clear_staging manual__2025-03-11T19:05:24.489633+00:00 [queued]>
[2025-03-11T19:05:32.881+0000] {taskinstance.py:1083} INFO - Dependencies all met for <TaskInstance: project2.clear_staging manual__2025-03-11T19:05:24.489633+00:00 [queued]>
[2025-03-11T19:05:32.882+0000] {taskinstance.py:1279} INFO - 
--------------------------------------------------------------------------------
[2025-03-11T19:05:32.882+0000] {taskinstance.py:1280} INFO - Starting attempt 1 of 1
[2025-03-11T19:05:32.882+0000] {taskinstance.py:1281} INFO - 
--------------------------------------------------------------------------------
[2025-03-11T19:05:32.894+0000] {taskinstance.py:1300} INFO - Executing <Task(PostgresOperator): clear_staging> on 2025-03-11 19:05:24.489633+00:00
[2025-03-11T19:05:32.899+0000] {standard_task_runner.py:55} INFO - Started process 16753 to run task
[2025-03-11T19:05:32.901+0000] {standard_task_runner.py:82} INFO - Running: ['***', 'tasks', 'run', 'project2', 'clear_staging', 'manual__2025-03-11T19:05:24.489633+00:00', '--job-id', '336', '--raw', '--subdir', 'DAGS_FOLDER/project2.py', '--cfg-path', '/tmp/tmpz4zxbg05']
[2025-03-11T19:05:32.901+0000] {standard_task_runner.py:83} INFO - Job 336: Subtask clear_staging
[2025-03-11T19:05:32.954+0000] {task_command.py:388} INFO - Running <TaskInstance: project2.clear_staging manual__2025-03-11T19:05:24.489633+00:00 [running]> on host 2ec744569db4
[2025-03-11T19:05:33.014+0000] {taskinstance.py:1509} INFO - Exporting the following env vars:
AIRFLOW_CTX_DAG_OWNER=***
AIRFLOW_CTX_DAG_ID=project2
AIRFLOW_CTX_TASK_ID=clear_staging
AIRFLOW_CTX_EXECUTION_DATE=2025-03-11T19:05:24.489633+00:00
AIRFLOW_CTX_TRY_NUMBER=1
AIRFLOW_CTX_DAG_RUN_ID=manual__2025-03-11T19:05:24.489633+00:00
[2025-03-11T19:05:33.015+0000] {sql.py:254} INFO - Executing: CALL truncate_table('staging_hr');
[2025-03-11T19:05:33.022+0000] {base.py:73} INFO - Using connection ID 'postgres_conn' for task execution.
[2025-03-11T19:05:33.247+0000] {base.py:73} INFO - Using connection ID 'postgres_conn' for task execution.
[2025-03-11T19:05:33.268+0000] {sql.py:375} INFO - Running statement: CALL truncate_table('staging_hr');, parameters: None
[2025-03-11T19:05:33.294+0000] {taskinstance.py:1323} INFO - Marking task as SUCCESS. dag_id=project2, task_id=clear_staging, execution_date=20250311T190524, start_date=20250311T190532, end_date=20250311T190533
[2025-03-11T19:05:33.314+0000] {local_task_job.py:208} INFO - Task exited with return code 0
[2025-03-11T19:05:33.343+0000] {taskinstance.py:2578} INFO - 1 downstream tasks scheduled from follow-on schedule check
