[2025-03-11T13:57:19.642+0000] {taskinstance.py:1083} INFO - Dependencies all met for <TaskInstance: project2.insert_jobs manual__2025-03-11T13:57:14.941340+00:00 [queued]>
[2025-03-11T13:57:19.652+0000] {taskinstance.py:1083} INFO - Dependencies all met for <TaskInstance: project2.insert_jobs manual__2025-03-11T13:57:14.941340+00:00 [queued]>
[2025-03-11T13:57:19.653+0000] {taskinstance.py:1279} INFO - 
--------------------------------------------------------------------------------
[2025-03-11T13:57:19.654+0000] {taskinstance.py:1280} INFO - Starting attempt 1 of 1
[2025-03-11T13:57:19.654+0000] {taskinstance.py:1281} INFO - 
--------------------------------------------------------------------------------
[2025-03-11T13:57:19.667+0000] {taskinstance.py:1300} INFO - Executing <Task(PostgresOperator): insert_jobs> on 2025-03-11 13:57:14.941340+00:00
[2025-03-11T13:57:19.672+0000] {standard_task_runner.py:55} INFO - Started process 115 to run task
[2025-03-11T13:57:19.674+0000] {standard_task_runner.py:82} INFO - Running: ['***', 'tasks', 'run', 'project2', 'insert_jobs', 'manual__2025-03-11T13:57:14.941340+00:00', '--job-id', '226', '--raw', '--subdir', 'DAGS_FOLDER/project2.py', '--cfg-path', '/tmp/tmphvzuve9r']
[2025-03-11T13:57:19.675+0000] {standard_task_runner.py:83} INFO - Job 226: Subtask insert_jobs
[2025-03-11T13:57:19.749+0000] {task_command.py:388} INFO - Running <TaskInstance: project2.insert_jobs manual__2025-03-11T13:57:14.941340+00:00 [running]> on host 2ec744569db4
[2025-03-11T13:57:19.831+0000] {taskinstance.py:1509} INFO - Exporting the following env vars:
AIRFLOW_CTX_DAG_OWNER=***
AIRFLOW_CTX_DAG_ID=project2
AIRFLOW_CTX_TASK_ID=insert_jobs
AIRFLOW_CTX_EXECUTION_DATE=2025-03-11T13:57:14.941340+00:00
AIRFLOW_CTX_TRY_NUMBER=1
AIRFLOW_CTX_DAG_RUN_ID=manual__2025-03-11T13:57:14.941340+00:00
[2025-03-11T13:57:19.832+0000] {sql.py:254} INFO - Executing: CALL update_jobs();
[2025-03-11T13:57:19.842+0000] {base.py:73} INFO - Using connection ID 'postgres_conn' for task execution.
[2025-03-11T13:57:20.034+0000] {base.py:73} INFO - Using connection ID 'postgres_conn' for task execution.
[2025-03-11T13:57:20.052+0000] {sql.py:375} INFO - Running statement: CALL update_jobs();, parameters: None
[2025-03-11T13:57:20.153+0000] {taskinstance.py:1323} INFO - Marking task as SUCCESS. dag_id=project2, task_id=insert_jobs, execution_date=20250311T135714, start_date=20250311T135719, end_date=20250311T135720
[2025-03-11T13:57:20.212+0000] {local_task_job.py:208} INFO - Task exited with return code 0
[2025-03-11T13:57:20.241+0000] {taskinstance.py:2578} INFO - 1 downstream tasks scheduled from follow-on schedule check
