[2025-03-11T18:55:32.693+0000] {taskinstance.py:1083} INFO - Dependencies all met for <TaskInstance: project2.clear_staging manual__2025-03-11T18:55:23.153643+00:00 [queued]>
[2025-03-11T18:55:32.704+0000] {taskinstance.py:1083} INFO - Dependencies all met for <TaskInstance: project2.clear_staging manual__2025-03-11T18:55:23.153643+00:00 [queued]>
[2025-03-11T18:55:32.705+0000] {taskinstance.py:1279} INFO - 
--------------------------------------------------------------------------------
[2025-03-11T18:55:32.705+0000] {taskinstance.py:1280} INFO - Starting attempt 1 of 1
[2025-03-11T18:55:32.705+0000] {taskinstance.py:1281} INFO - 
--------------------------------------------------------------------------------
[2025-03-11T18:55:32.719+0000] {taskinstance.py:1300} INFO - Executing <Task(PostgresOperator): clear_staging> on 2025-03-11 18:55:23.153643+00:00
[2025-03-11T18:55:32.724+0000] {standard_task_runner.py:55} INFO - Started process 15663 to run task
[2025-03-11T18:55:32.726+0000] {standard_task_runner.py:82} INFO - Running: ['***', 'tasks', 'run', 'project2', 'clear_staging', 'manual__2025-03-11T18:55:23.153643+00:00', '--job-id', '309', '--raw', '--subdir', 'DAGS_FOLDER/project2.py', '--cfg-path', '/tmp/tmpd1bfe37a']
[2025-03-11T18:55:32.727+0000] {standard_task_runner.py:83} INFO - Job 309: Subtask clear_staging
[2025-03-11T18:55:32.786+0000] {task_command.py:388} INFO - Running <TaskInstance: project2.clear_staging manual__2025-03-11T18:55:23.153643+00:00 [running]> on host 2ec744569db4
[2025-03-11T18:55:32.850+0000] {taskinstance.py:1509} INFO - Exporting the following env vars:
AIRFLOW_CTX_DAG_OWNER=***
AIRFLOW_CTX_DAG_ID=project2
AIRFLOW_CTX_TASK_ID=clear_staging
AIRFLOW_CTX_EXECUTION_DATE=2025-03-11T18:55:23.153643+00:00
AIRFLOW_CTX_TRY_NUMBER=1
AIRFLOW_CTX_DAG_RUN_ID=manual__2025-03-11T18:55:23.153643+00:00
[2025-03-11T18:55:32.850+0000] {sql.py:254} INFO - Executing: CALL truncate_table('staging_hr');
[2025-03-11T18:55:32.858+0000] {base.py:73} INFO - Using connection ID 'postgres_conn' for task execution.
[2025-03-11T18:55:33.044+0000] {base.py:73} INFO - Using connection ID 'postgres_conn' for task execution.
[2025-03-11T18:55:33.061+0000] {sql.py:375} INFO - Running statement: CALL truncate_table('staging_hr');, parameters: None
[2025-03-11T18:55:33.082+0000] {taskinstance.py:1323} INFO - Marking task as SUCCESS. dag_id=project2, task_id=clear_staging, execution_date=20250311T185523, start_date=20250311T185532, end_date=20250311T185533
[2025-03-11T18:55:33.138+0000] {local_task_job.py:208} INFO - Task exited with return code 0
[2025-03-11T18:55:33.163+0000] {taskinstance.py:2578} INFO - 0 downstream tasks scheduled from follow-on schedule check
