[2025-03-10T14:24:17.798+0000] {taskinstance.py:1083} INFO - Dependencies all met for <TaskInstance: project2.insert_update_department manual__2025-03-10T14:24:14.803074+00:00 [queued]>
[2025-03-10T14:24:17.809+0000] {taskinstance.py:1083} INFO - Dependencies all met for <TaskInstance: project2.insert_update_department manual__2025-03-10T14:24:14.803074+00:00 [queued]>
[2025-03-10T14:24:17.809+0000] {taskinstance.py:1279} INFO - 
--------------------------------------------------------------------------------
[2025-03-10T14:24:17.810+0000] {taskinstance.py:1280} INFO - Starting attempt 1 of 1
[2025-03-10T14:24:17.810+0000] {taskinstance.py:1281} INFO - 
--------------------------------------------------------------------------------
[2025-03-10T14:24:17.823+0000] {taskinstance.py:1300} INFO - Executing <Task(PostgresOperator): insert_update_department> on 2025-03-10 14:24:14.803074+00:00
[2025-03-10T14:24:17.830+0000] {standard_task_runner.py:55} INFO - Started process 6068 to run task
[2025-03-10T14:24:17.832+0000] {standard_task_runner.py:82} INFO - Running: ['***', 'tasks', 'run', 'project2', 'insert_update_department', 'manual__2025-03-10T14:24:14.803074+00:00', '--job-id', '105', '--raw', '--subdir', 'DAGS_FOLDER/project2.py', '--cfg-path', '/tmp/tmp8rw87dka']
[2025-03-10T14:24:17.833+0000] {standard_task_runner.py:83} INFO - Job 105: Subtask insert_update_department
[2025-03-10T14:24:17.898+0000] {task_command.py:388} INFO - Running <TaskInstance: project2.insert_update_department manual__2025-03-10T14:24:14.803074+00:00 [running]> on host d234808dccbd
[2025-03-10T14:24:17.970+0000] {taskinstance.py:1509} INFO - Exporting the following env vars:
AIRFLOW_CTX_DAG_OWNER=***
AIRFLOW_CTX_DAG_ID=project2
AIRFLOW_CTX_TASK_ID=insert_update_department
AIRFLOW_CTX_EXECUTION_DATE=2025-03-10T14:24:14.803074+00:00
AIRFLOW_CTX_TRY_NUMBER=1
AIRFLOW_CTX_DAG_RUN_ID=manual__2025-03-10T14:24:14.803074+00:00
[2025-03-10T14:24:17.970+0000] {sql.py:254} INFO - Executing: CALL update_department();
[2025-03-10T14:24:17.984+0000] {base.py:73} INFO - Using connection ID 'postgres_conn' for task execution.
[2025-03-10T14:24:18.273+0000] {base.py:73} INFO - Using connection ID 'postgres_conn' for task execution.
[2025-03-10T14:24:18.302+0000] {sql.py:375} INFO - Running statement: CALL update_department();, parameters: None
[2025-03-10T14:24:18.328+0000] {taskinstance.py:1768} ERROR - Task failed with exception
Traceback (most recent call last):
  File "/home/airflow/.local/lib/python3.7/site-packages/airflow/providers/common/sql/operators/sql.py", line 266, in execute
    **extra_kwargs,
  File "/home/airflow/.local/lib/python3.7/site-packages/airflow/providers/common/sql/hooks/sql.py", line 349, in run
    self._run_command(cur, sql_statement, parameters)
  File "/home/airflow/.local/lib/python3.7/site-packages/airflow/providers/common/sql/hooks/sql.py", line 380, in _run_command
    cur.execute(sql_statement)
psycopg2.errors.UndefinedColumn: column s.department_id does not exist
LINE 4: LEFT JOIN department d ON s.department_id = d.department_id ...
                                  ^
HINT:  Perhaps you meant to reference the column "d.department_id".
QUERY:  INSERT INTO department (department_id, Department)
SELECT s.department_id, s.Department
FROM staging_hr s
LEFT JOIN department d ON s.department_id = d.department_id WHERE d.department_id IS NULL
CONTEXT:  PL/pgSQL function update_department() line 3 at SQL statement

[2025-03-10T14:24:18.345+0000] {taskinstance.py:1323} INFO - Marking task as FAILED. dag_id=project2, task_id=insert_update_department, execution_date=20250310T142414, start_date=20250310T142417, end_date=20250310T142418
[2025-03-10T14:24:18.373+0000] {standard_task_runner.py:105} ERROR - Failed to execute job 105 for task insert_update_department (column s.department_id does not exist
LINE 4: LEFT JOIN department d ON s.department_id = d.department_id ...
                                  ^
HINT:  Perhaps you meant to reference the column "d.department_id".
QUERY:  INSERT INTO department (department_id, Department)
SELECT s.department_id, s.Department
FROM staging_hr s
LEFT JOIN department d ON s.department_id = d.department_id WHERE d.department_id IS NULL
CONTEXT:  PL/pgSQL function update_department() line 3 at SQL statement
; 6068)
[2025-03-10T14:24:18.408+0000] {local_task_job.py:208} INFO - Task exited with return code 1
[2025-03-10T14:24:18.453+0000] {taskinstance.py:2578} INFO - 0 downstream tasks scheduled from follow-on schedule check
