[2025-03-10T19:55:09.323+0000] {taskinstance.py:1083} INFO - Dependencies all met for <TaskInstance: project2.alter_staging manual__2025-03-10T19:55:07.589200+00:00 [queued]>
[2025-03-10T19:55:09.339+0000] {taskinstance.py:1083} INFO - Dependencies all met for <TaskInstance: project2.alter_staging manual__2025-03-10T19:55:07.589200+00:00 [queued]>
[2025-03-10T19:55:09.339+0000] {taskinstance.py:1279} INFO - 
--------------------------------------------------------------------------------
[2025-03-10T19:55:09.340+0000] {taskinstance.py:1280} INFO - Starting attempt 1 of 1
[2025-03-10T19:55:09.340+0000] {taskinstance.py:1281} INFO - 
--------------------------------------------------------------------------------
[2025-03-10T19:55:09.356+0000] {taskinstance.py:1300} INFO - Executing <Task(PostgresOperator): alter_staging> on 2025-03-10 19:55:07.589200+00:00
[2025-03-10T19:55:09.361+0000] {standard_task_runner.py:55} INFO - Started process 7271 to run task
[2025-03-10T19:55:09.364+0000] {standard_task_runner.py:82} INFO - Running: ['***', 'tasks', 'run', 'project2', 'alter_staging', 'manual__2025-03-10T19:55:07.589200+00:00', '--job-id', '143', '--raw', '--subdir', 'DAGS_FOLDER/project2.py', '--cfg-path', '/tmp/tmpf9qetnw0']
[2025-03-10T19:55:09.365+0000] {standard_task_runner.py:83} INFO - Job 143: Subtask alter_staging
[2025-03-10T19:55:09.433+0000] {task_command.py:388} INFO - Running <TaskInstance: project2.alter_staging manual__2025-03-10T19:55:07.589200+00:00 [running]> on host f1d7771c7032
[2025-03-10T19:55:09.498+0000] {taskinstance.py:1509} INFO - Exporting the following env vars:
AIRFLOW_CTX_DAG_OWNER=***
AIRFLOW_CTX_DAG_ID=project2
AIRFLOW_CTX_TASK_ID=alter_staging
AIRFLOW_CTX_EXECUTION_DATE=2025-03-10T19:55:07.589200+00:00
AIRFLOW_CTX_TRY_NUMBER=1
AIRFLOW_CTX_DAG_RUN_ID=manual__2025-03-10T19:55:07.589200+00:00
[2025-03-10T19:55:09.499+0000] {sql.py:254} INFO - Executing: CALL alter_staging()
[2025-03-10T19:55:09.507+0000] {base.py:73} INFO - Using connection ID 'postgres_conn' for task execution.
[2025-03-10T19:55:09.762+0000] {base.py:73} INFO - Using connection ID 'postgres_conn' for task execution.
[2025-03-10T19:55:09.782+0000] {sql.py:375} INFO - Running statement: CALL alter_staging(), parameters: None
[2025-03-10T19:55:09.824+0000] {taskinstance.py:1323} INFO - Marking task as SUCCESS. dag_id=project2, task_id=alter_staging, execution_date=20250310T195507, start_date=20250310T195509, end_date=20250310T195509
[2025-03-10T19:55:09.857+0000] {local_task_job.py:208} INFO - Task exited with return code 0
[2025-03-10T19:55:09.881+0000] {taskinstance.py:2578} INFO - 5 downstream tasks scheduled from follow-on schedule check
