[2025-03-11T17:48:08.332+0000] {taskinstance.py:1083} INFO - Dependencies all met for <TaskInstance: project2.export_postgres manual__2025-03-11T17:47:58.298614+00:00 [queued]>
[2025-03-11T17:48:08.341+0000] {taskinstance.py:1083} INFO - Dependencies all met for <TaskInstance: project2.export_postgres manual__2025-03-11T17:47:58.298614+00:00 [queued]>
[2025-03-11T17:48:08.341+0000] {taskinstance.py:1279} INFO - 
--------------------------------------------------------------------------------
[2025-03-11T17:48:08.342+0000] {taskinstance.py:1280} INFO - Starting attempt 1 of 1
[2025-03-11T17:48:08.342+0000] {taskinstance.py:1281} INFO - 
--------------------------------------------------------------------------------
[2025-03-11T17:48:08.354+0000] {taskinstance.py:1300} INFO - Executing <Task(SSHOperator): export_postgres> on 2025-03-11 17:47:58.298614+00:00
[2025-03-11T17:48:08.359+0000] {standard_task_runner.py:55} INFO - Started process 8719 to run task
[2025-03-11T17:48:08.361+0000] {standard_task_runner.py:82} INFO - Running: ['***', 'tasks', 'run', 'project2', 'export_postgres', 'manual__2025-03-11T17:47:58.298614+00:00', '--job-id', '283', '--raw', '--subdir', 'DAGS_FOLDER/project2.py', '--cfg-path', '/tmp/tmpvyz8hjxz']
[2025-03-11T17:48:08.361+0000] {standard_task_runner.py:83} INFO - Job 283: Subtask export_postgres
[2025-03-11T17:48:08.414+0000] {task_command.py:388} INFO - Running <TaskInstance: project2.export_postgres manual__2025-03-11T17:47:58.298614+00:00 [running]> on host 2ec744569db4
[2025-03-11T17:48:08.474+0000] {taskinstance.py:1509} INFO - Exporting the following env vars:
AIRFLOW_CTX_DAG_OWNER=***
AIRFLOW_CTX_DAG_ID=project2
AIRFLOW_CTX_TASK_ID=export_postgres
AIRFLOW_CTX_EXECUTION_DATE=2025-03-11T17:47:58.298614+00:00
AIRFLOW_CTX_TRY_NUMBER=1
AIRFLOW_CTX_DAG_RUN_ID=manual__2025-03-11T17:47:58.298614+00:00
[2025-03-11T17:48:08.474+0000] {ssh.py:133} INFO - Creating ssh_client
[2025-03-11T17:48:08.508+0000] {ssh.py:111} INFO - ssh_hook is not provided or invalid. Trying ssh_conn_id to create SSHHook.
[2025-03-11T17:48:08.517+0000] {base.py:73} INFO - Using connection ID 'ssh_vm' for task execution.
[2025-03-11T17:48:08.518+0000] {ssh.py:283} WARNING - No Host Key Verification. This won't protect against Man-In-The-Middle attacks
[2025-03-11T17:48:08.526+0000] {transport.py:1874} INFO - Connected (version 2.0, client OpenSSH_9.6p1)
[2025-03-11T17:48:08.556+0000] {transport.py:1874} INFO - Authentication (password) successful!
[2025-03-11T17:48:08.557+0000] {ssh.py:460} INFO - Running command: export PGPASSWORD='***' && pg_dump -U postgres -h localhost -p 5432 -F c -b -v -f /tmp/backup_db.dump postgres
[2025-03-11T17:48:08.774+0000] {ssh.py:501} WARNING - pg_dump: last built-in OID is 16383
[2025-03-11T17:48:08.779+0000] {ssh.py:501} WARNING - pg_dump: reading extensions
[2025-03-11T17:48:08.786+0000] {ssh.py:501} WARNING - pg_dump:
[2025-03-11T17:48:08.786+0000] {ssh.py:501} WARNING -  identifying extension members
[2025-03-11T17:48:08.789+0000] {ssh.py:501} WARNING - pg_dump: reading schemas
[2025-03-11T17:48:08.792+0000] {ssh.py:501} WARNING - pg_dump:
[2025-03-11T17:48:08.792+0000] {ssh.py:501} WARNING -  reading user-defined tables
[2025-03-11T17:48:08.815+0000] {ssh.py:501} WARNING - pg_dump: reading user-defined functions
[2025-03-11T17:48:08.839+0000] {ssh.py:501} WARNING - pg_dump: reading user-defined types
[2025-03-11T17:48:08.844+0000] {ssh.py:501} WARNING - pg_dump:
[2025-03-11T17:48:08.845+0000] {ssh.py:501} WARNING -  reading procedural languages
[2025-03-11T17:48:08.846+0000] {ssh.py:501} WARNING - pg_dump: reading user-defined aggregate functions
[2025-03-11T17:48:08.848+0000] {ssh.py:501} WARNING - pg_dump: reading user-defined operators
[2025-03-11T17:48:08.849+0000] {ssh.py:501} WARNING - pg_dump:
[2025-03-11T17:48:08.849+0000] {ssh.py:501} WARNING -  reading user-defined access methods
[2025-03-11T17:48:08.850+0000] {ssh.py:501} WARNING - pg_dump: reading user-defined operator classes
[2025-03-11T17:48:08.851+0000] {ssh.py:501} WARNING - pg_dump: reading user-defined operator families
[2025-03-11T17:48:08.855+0000] {ssh.py:501} WARNING - pg_dump: reading user-defined text search parsers
[2025-03-11T17:48:08.858+0000] {ssh.py:501} WARNING - pg_dump: reading user-defined text search templates
[2025-03-11T17:48:08.861+0000] {ssh.py:501} WARNING - pg_dump: reading user-defined text search dictionaries
[2025-03-11T17:48:08.864+0000] {ssh.py:501} WARNING - pg_dump: reading user-defined text search configurations
[2025-03-11T17:48:08.868+0000] {ssh.py:501} WARNING - pg_dump: reading user-defined foreign-data wrappers
[2025-03-11T17:48:08.871+0000] {ssh.py:501} WARNING - pg_dump: reading user-defined foreign servers
[2025-03-11T17:48:08.874+0000] {ssh.py:501} WARNING - pg_dump: reading default privileges
[2025-03-11T17:48:08.877+0000] {ssh.py:501} WARNING - pg_dump: reading user-defined collations
[2025-03-11T17:48:08.882+0000] {ssh.py:501} WARNING - pg_dump:
[2025-03-11T17:48:08.883+0000] {ssh.py:501} WARNING -  reading user-defined conversions
[2025-03-11T17:48:08.887+0000] {ssh.py:501} WARNING - pg_dump: reading type casts
[2025-03-11T17:48:08.891+0000] {ssh.py:501} WARNING - pg_dump:
[2025-03-11T17:48:08.891+0000] {ssh.py:501} WARNING -  reading transforms
[2025-03-11T17:48:08.892+0000] {ssh.py:501} WARNING - pg_dump: reading table inheritance information
[2025-03-11T17:48:08.895+0000] {ssh.py:501} WARNING - pg_dump: reading event triggers
[2025-03-11T17:48:08.898+0000] {ssh.py:501} WARNING - pg_dump: finding extension tables
[2025-03-11T17:48:08.904+0000] {ssh.py:501} WARNING - pg_dump: finding inheritance relationships
[2025-03-11T17:48:08.905+0000] {ssh.py:501} WARNING - pg_dump: reading column info for interesting tables
[2025-03-11T17:48:08.911+0000] {ssh.py:501} WARNING - pg_dump: finding table default expressions
[2025-03-11T17:48:08.913+0000] {ssh.py:501} WARNING - pg_dump: flagging inherited columns in subtables
[2025-03-11T17:48:08.914+0000] {ssh.py:501} WARNING - pg_dump: reading partitioning data
[2025-03-11T17:48:08.915+0000] {ssh.py:501} WARNING - pg_dump: reading indexes
[2025-03-11T17:48:08.927+0000] {ssh.py:501} WARNING - pg_dump: flagging indexes in partitioned tables
[2025-03-11T17:48:08.928+0000] {ssh.py:501} WARNING - pg_dump: reading extended statistics
[2025-03-11T17:48:08.931+0000] {ssh.py:501} WARNING - pg_dump: reading constraints
[2025-03-11T17:48:08.931+0000] {ssh.py:501} WARNING - pg_dump: reading triggers
[2025-03-11T17:48:08.935+0000] {ssh.py:501} WARNING - pg_dump: reading rewrite rules
[2025-03-11T17:48:08.940+0000] {ssh.py:501} WARNING - pg_dump:
[2025-03-11T17:48:08.941+0000] {ssh.py:501} WARNING -  reading policies
[2025-03-11T17:48:08.941+0000] {ssh.py:501} WARNING - pg_dump: reading row-level security policies
[2025-03-11T17:48:08.946+0000] {ssh.py:501} WARNING - pg_dump: reading publications
[2025-03-11T17:48:08.949+0000] {ssh.py:501} WARNING - pg_dump: reading publication membership of tables
[2025-03-11T17:48:08.955+0000] {ssh.py:501} WARNING - pg_dump: reading publication membership of schemas
[2025-03-11T17:48:08.959+0000] {ssh.py:501} WARNING - pg_dump: reading subscriptions
[2025-03-11T17:48:08.965+0000] {ssh.py:501} WARNING - pg_dump: reading large objects
[2025-03-11T17:48:08.966+0000] {ssh.py:501} WARNING - pg_dump: reading dependency data
[2025-03-11T17:48:08.999+0000] {ssh.py:501} WARNING - pg_dump: saving encoding = UTF8
[2025-03-11T17:48:09.000+0000] {ssh.py:501} WARNING - pg_dump: saving standard_conforming_strings = on
[2025-03-11T17:48:09.000+0000] {ssh.py:501} WARNING - pg_dump: saving search_path = 
[2025-03-11T17:48:09.001+0000] {ssh.py:501} WARNING - pg_dump: saving database definition
[2025-03-11T17:48:09.023+0000] {ssh.py:501} WARNING - pg_dump: dumping contents of table "public.department"
[2025-03-11T17:48:09.025+0000] {ssh.py:501} WARNING - pg_dump: dumping contents of table "public.employee_departments"
[2025-03-11T17:48:09.027+0000] {ssh.py:501} WARNING - pg_dump: dumping contents of table "public.employees"
[2025-03-11T17:48:09.028+0000] {ssh.py:501} WARNING - pg_dump: dumping contents of table "public.jobs"
[2025-03-11T17:48:09.029+0000] {ssh.py:501} WARNING - pg_dump:
[2025-03-11T17:48:09.030+0000] {ssh.py:501} WARNING -  dumping contents of table "public.salaries"
[2025-03-11T17:48:09.031+0000] {ssh.py:501} WARNING - pg_dump: dumping contents of table "public.staging_hr"
[2025-03-11T17:48:09.083+0000] {taskinstance.py:1323} INFO - Marking task as SUCCESS. dag_id=project2, task_id=export_postgres, execution_date=20250311T174758, start_date=20250311T174808, end_date=20250311T174809
[2025-03-11T17:48:09.135+0000] {local_task_job.py:208} INFO - Task exited with return code 0
[2025-03-11T17:48:09.161+0000] {taskinstance.py:2578} INFO - 0 downstream tasks scheduled from follow-on schedule check
