[2025-03-10T23:49:24.259+0000] {taskinstance.py:1083} INFO - Dependencies all met for <TaskInstance: project2.import_csv manual__2025-03-10T23:49:23.150908+00:00 [queued]>
[2025-03-10T23:49:24.268+0000] {taskinstance.py:1083} INFO - Dependencies all met for <TaskInstance: project2.import_csv manual__2025-03-10T23:49:23.150908+00:00 [queued]>
[2025-03-10T23:49:24.269+0000] {taskinstance.py:1279} INFO - 
--------------------------------------------------------------------------------
[2025-03-10T23:49:24.269+0000] {taskinstance.py:1280} INFO - Starting attempt 1 of 1
[2025-03-10T23:49:24.270+0000] {taskinstance.py:1281} INFO - 
--------------------------------------------------------------------------------
[2025-03-10T23:49:24.282+0000] {taskinstance.py:1300} INFO - Executing <Task(PostgresOperator): import_csv> on 2025-03-10 23:49:23.150908+00:00
[2025-03-10T23:49:24.287+0000] {standard_task_runner.py:55} INFO - Started process 2638 to run task
[2025-03-10T23:49:24.289+0000] {standard_task_runner.py:82} INFO - Running: ['***', 'tasks', 'run', 'project2', 'import_csv', 'manual__2025-03-10T23:49:23.150908+00:00', '--job-id', '186', '--raw', '--subdir', 'DAGS_FOLDER/project2.py', '--cfg-path', '/tmp/tmp_zqb5k3c']
[2025-03-10T23:49:24.290+0000] {standard_task_runner.py:83} INFO - Job 186: Subtask import_csv
[2025-03-10T23:49:24.355+0000] {task_command.py:388} INFO - Running <TaskInstance: project2.import_csv manual__2025-03-10T23:49:23.150908+00:00 [running]> on host 9670e20211e7
[2025-03-10T23:49:24.423+0000] {taskinstance.py:1509} INFO - Exporting the following env vars:
AIRFLOW_CTX_DAG_OWNER=***
AIRFLOW_CTX_DAG_ID=project2
AIRFLOW_CTX_TASK_ID=import_csv
AIRFLOW_CTX_EXECUTION_DATE=2025-03-10T23:49:23.150908+00:00
AIRFLOW_CTX_TRY_NUMBER=1
AIRFLOW_CTX_DAG_RUN_ID=manual__2025-03-10T23:49:23.150908+00:00
[2025-03-10T23:49:24.424+0000] {sql.py:254} INFO - Executing: 
        COPY staging_hr FROM '/tmp/hr_data.csv'
        DELIMITER ',' CSV HEADER;
        
[2025-03-10T23:49:24.433+0000] {base.py:73} INFO - Using connection ID 'postgres_conn' for task execution.
[2025-03-10T23:49:24.642+0000] {base.py:73} INFO - Using connection ID 'postgres_conn' for task execution.
[2025-03-10T23:49:24.662+0000] {sql.py:375} INFO - Running statement: 
        COPY staging_hr FROM '/tmp/hr_data.csv'
        DELIMITER ',' CSV HEADER;
        , parameters: None
[2025-03-10T23:49:24.671+0000] {sql.py:384} INFO - Rows affected: 1470
[2025-03-10T23:49:24.687+0000] {taskinstance.py:1323} INFO - Marking task as SUCCESS. dag_id=project2, task_id=import_csv, execution_date=20250310T234923, start_date=20250310T234924, end_date=20250310T234924
[2025-03-10T23:49:24.742+0000] {local_task_job.py:208} INFO - Task exited with return code 0
[2025-03-10T23:49:24.769+0000] {taskinstance.py:2578} INFO - 1 downstream tasks scheduled from follow-on schedule check
