[2025-03-11T18:59:00.928+0000] {taskinstance.py:1083} INFO - Dependencies all met for <TaskInstance: project2.insert_employee_department manual__2025-03-11T18:58:55.020908+00:00 [queued]>
[2025-03-11T18:59:00.939+0000] {taskinstance.py:1083} INFO - Dependencies all met for <TaskInstance: project2.insert_employee_department manual__2025-03-11T18:58:55.020908+00:00 [queued]>
[2025-03-11T18:59:00.939+0000] {taskinstance.py:1279} INFO - 
--------------------------------------------------------------------------------
[2025-03-11T18:59:00.940+0000] {taskinstance.py:1280} INFO - Starting attempt 1 of 1
[2025-03-11T18:59:00.940+0000] {taskinstance.py:1281} INFO - 
--------------------------------------------------------------------------------
[2025-03-11T18:59:00.953+0000] {taskinstance.py:1300} INFO - Executing <Task(PostgresOperator): insert_employee_department> on 2025-03-11 18:58:55.020908+00:00
[2025-03-11T18:59:00.957+0000] {standard_task_runner.py:55} INFO - Started process 16044 to run task
[2025-03-11T18:59:00.960+0000] {standard_task_runner.py:82} INFO - Running: ['***', 'tasks', 'run', 'project2', 'insert_employee_department', 'manual__2025-03-11T18:58:55.020908+00:00', '--job-id', '316', '--raw', '--subdir', 'DAGS_FOLDER/project2.py', '--cfg-path', '/tmp/tmpfzo5fy5v']
[2025-03-11T18:59:00.960+0000] {standard_task_runner.py:83} INFO - Job 316: Subtask insert_employee_department
[2025-03-11T18:59:01.019+0000] {task_command.py:388} INFO - Running <TaskInstance: project2.insert_employee_department manual__2025-03-11T18:58:55.020908+00:00 [running]> on host 2ec744569db4
[2025-03-11T18:59:01.083+0000] {taskinstance.py:1509} INFO - Exporting the following env vars:
AIRFLOW_CTX_DAG_OWNER=***
AIRFLOW_CTX_DAG_ID=project2
AIRFLOW_CTX_TASK_ID=insert_employee_department
AIRFLOW_CTX_EXECUTION_DATE=2025-03-11T18:58:55.020908+00:00
AIRFLOW_CTX_TRY_NUMBER=1
AIRFLOW_CTX_DAG_RUN_ID=manual__2025-03-11T18:58:55.020908+00:00
[2025-03-11T18:59:01.084+0000] {sql.py:254} INFO - Executing: CALL update_employee_departments()
[2025-03-11T18:59:01.092+0000] {base.py:73} INFO - Using connection ID 'postgres_conn' for task execution.
[2025-03-11T18:59:01.291+0000] {base.py:73} INFO - Using connection ID 'postgres_conn' for task execution.
[2025-03-11T18:59:01.316+0000] {sql.py:375} INFO - Running statement: CALL update_employee_departments(), parameters: None
[2025-03-11T18:59:01.337+0000] {taskinstance.py:1323} INFO - Marking task as SUCCESS. dag_id=project2, task_id=insert_employee_department, execution_date=20250311T185855, start_date=20250311T185900, end_date=20250311T185901
[2025-03-11T18:59:01.373+0000] {local_task_job.py:208} INFO - Task exited with return code 0
[2025-03-11T18:59:01.401+0000] {taskinstance.py:2578} INFO - 1 downstream tasks scheduled from follow-on schedule check
