[2025-03-11T19:03:21.281+0000] {taskinstance.py:1083} INFO - Dependencies all met for <TaskInstance: project2.export_postgres manual__2025-03-11T19:03:11.619819+00:00 [queued]>
[2025-03-11T19:03:21.290+0000] {taskinstance.py:1083} INFO - Dependencies all met for <TaskInstance: project2.export_postgres manual__2025-03-11T19:03:11.619819+00:00 [queued]>
[2025-03-11T19:03:21.291+0000] {taskinstance.py:1279} INFO - 
--------------------------------------------------------------------------------
[2025-03-11T19:03:21.291+0000] {taskinstance.py:1280} INFO - Starting attempt 1 of 1
[2025-03-11T19:03:21.292+0000] {taskinstance.py:1281} INFO - 
--------------------------------------------------------------------------------
[2025-03-11T19:03:21.305+0000] {taskinstance.py:1300} INFO - Executing <Task(SSHOperator): export_postgres> on 2025-03-11 19:03:11.619819+00:00
[2025-03-11T19:03:21.310+0000] {standard_task_runner.py:55} INFO - Started process 16513 to run task
[2025-03-11T19:03:21.312+0000] {standard_task_runner.py:82} INFO - Running: ['***', 'tasks', 'run', 'project2', 'export_postgres', 'manual__2025-03-11T19:03:11.619819+00:00', '--job-id', '328', '--raw', '--subdir', 'DAGS_FOLDER/project2.py', '--cfg-path', '/tmp/tmprkyt0y4t']
[2025-03-11T19:03:21.313+0000] {standard_task_runner.py:83} INFO - Job 328: Subtask export_postgres
[2025-03-11T19:03:21.373+0000] {task_command.py:388} INFO - Running <TaskInstance: project2.export_postgres manual__2025-03-11T19:03:11.619819+00:00 [running]> on host 2ec744569db4
[2025-03-11T19:03:21.440+0000] {taskinstance.py:1509} INFO - Exporting the following env vars:
AIRFLOW_CTX_DAG_OWNER=***
AIRFLOW_CTX_DAG_ID=project2
AIRFLOW_CTX_TASK_ID=export_postgres
AIRFLOW_CTX_EXECUTION_DATE=2025-03-11T19:03:11.619819+00:00
AIRFLOW_CTX_TRY_NUMBER=1
AIRFLOW_CTX_DAG_RUN_ID=manual__2025-03-11T19:03:11.619819+00:00
[2025-03-11T19:03:21.440+0000] {ssh.py:133} INFO - Creating ssh_client
[2025-03-11T19:03:21.474+0000] {ssh.py:111} INFO - ssh_hook is not provided or invalid. Trying ssh_conn_id to create SSHHook.
[2025-03-11T19:03:21.484+0000] {base.py:73} INFO - Using connection ID 'ssh_vm' for task execution.
[2025-03-11T19:03:21.485+0000] {ssh.py:283} WARNING - No Host Key Verification. This won't protect against Man-In-The-Middle attacks
[2025-03-11T19:03:21.497+0000] {transport.py:1874} INFO - Connected (version 2.0, client OpenSSH_9.6p1)
[2025-03-11T19:03:21.527+0000] {transport.py:1874} INFO - Authentication (password) successful!
[2025-03-11T19:03:21.528+0000] {ssh.py:460} INFO - Running command: export PGPASSWORD='***' && pg_dump -U postgres -h localhost -p 5432 -F c -b -v -f /tmp/backup_db.dump postgres
[2025-03-11T19:03:21.773+0000] {ssh.py:501} WARNING - pg_dump: last built-in OID is 16383
[2025-03-11T19:03:21.774+0000] {ssh.py:501} WARNING - pg_dump: reading extensions
[2025-03-11T19:03:21.775+0000] {ssh.py:501} WARNING - pg_dump: identifying extension members
[2025-03-11T19:03:21.776+0000] {ssh.py:501} WARNING - pg_dump: reading schemas
[2025-03-11T19:03:21.777+0000] {ssh.py:501} WARNING - pg_dump: reading user-defined tables
[2025-03-11T19:03:21.783+0000] {ssh.py:501} WARNING - pg_dump: reading user-defined functions
[2025-03-11T19:03:21.788+0000] {ssh.py:501} WARNING - pg_dump: reading user-defined types
[2025-03-11T19:03:21.792+0000] {ssh.py:501} WARNING - pg_dump: reading procedural languages
[2025-03-11T19:03:21.793+0000] {ssh.py:501} WARNING - pg_dump: reading user-defined aggregate functions
[2025-03-11T19:03:21.794+0000] {ssh.py:501} WARNING - pg_dump: reading user-defined operators
[2025-03-11T19:03:21.795+0000] {ssh.py:501} WARNING - pg_dump: reading user-defined access methods
[2025-03-11T19:03:21.796+0000] {ssh.py:501} WARNING - pg_dump: reading user-defined operator classes
[2025-03-11T19:03:21.797+0000] {ssh.py:501} WARNING - pg_dump: reading user-defined operator families
[2025-03-11T19:03:21.797+0000] {ssh.py:501} WARNING - pg_dump: reading user-defined text search parsers
[2025-03-11T19:03:21.798+0000] {ssh.py:501} WARNING - pg_dump: reading user-defined text search templates
[2025-03-11T19:03:21.799+0000] {ssh.py:501} WARNING - pg_dump: reading user-defined text search dictionaries
[2025-03-11T19:03:21.799+0000] {ssh.py:501} WARNING - pg_dump: reading user-defined text search configurations
[2025-03-11T19:03:21.800+0000] {ssh.py:501} WARNING - pg_dump: reading user-defined foreign-data wrappers
[2025-03-11T19:03:21.801+0000] {ssh.py:501} WARNING - pg_dump: reading user-defined foreign servers
[2025-03-11T19:03:21.802+0000] {ssh.py:501} WARNING - pg_dump: reading default privileges
[2025-03-11T19:03:21.803+0000] {ssh.py:501} WARNING - pg_dump: reading user-defined collations
[2025-03-11T19:03:21.804+0000] {ssh.py:501} WARNING - pg_dump: reading user-defined conversions
[2025-03-11T19:03:21.805+0000] {ssh.py:501} WARNING - pg_dump: reading type casts
[2025-03-11T19:03:21.806+0000] {ssh.py:501} WARNING - pg_dump: reading transforms
[2025-03-11T19:03:21.806+0000] {ssh.py:501} WARNING - pg_dump: reading table inheritance information
[2025-03-11T19:03:21.807+0000] {ssh.py:501} WARNING - pg_dump: reading event triggers
[2025-03-11T19:03:21.808+0000] {ssh.py:501} WARNING - pg_dump: finding extension tables
[2025-03-11T19:03:21.809+0000] {ssh.py:501} WARNING - pg_dump: finding inheritance relationships
[2025-03-11T19:03:21.809+0000] {ssh.py:501} WARNING - pg_dump: reading column info for interesting tables
[2025-03-11T19:03:21.810+0000] {ssh.py:501} WARNING - pg_dump: finding table default expressions
[2025-03-11T19:03:21.811+0000] {ssh.py:501} WARNING - pg_dump: flagging inherited columns in subtables
[2025-03-11T19:03:21.812+0000] {ssh.py:501} WARNING - pg_dump: reading partitioning data
[2025-03-11T19:03:21.812+0000] {ssh.py:501} WARNING - pg_dump: reading indexes
[2025-03-11T19:03:21.816+0000] {ssh.py:501} WARNING - pg_dump: flagging indexes in partitioned tables
[2025-03-11T19:03:21.816+0000] {ssh.py:501} WARNING - pg_dump: reading extended statistics
[2025-03-11T19:03:21.816+0000] {ssh.py:501} WARNING - pg_dump: reading constraints
[2025-03-11T19:03:21.817+0000] {ssh.py:501} WARNING - pg_dump: reading triggers
[2025-03-11T19:03:21.817+0000] {ssh.py:501} WARNING - pg_dump: reading rewrite rules
[2025-03-11T19:03:21.818+0000] {ssh.py:501} WARNING - pg_dump: reading policies
[2025-03-11T19:03:21.818+0000] {ssh.py:501} WARNING - pg_dump: reading row-level security policies
[2025-03-11T19:03:21.819+0000] {ssh.py:501} WARNING - pg_dump: reading publications
[2025-03-11T19:03:21.820+0000] {ssh.py:501} WARNING - pg_dump: reading publication membership of tables
[2025-03-11T19:03:21.821+0000] {ssh.py:501} WARNING - pg_dump: reading publication membership of schemas
[2025-03-11T19:03:21.821+0000] {ssh.py:501} WARNING - pg_dump: reading subscriptions
[2025-03-11T19:03:21.823+0000] {ssh.py:501} WARNING - pg_dump: reading large objects
[2025-03-11T19:03:21.824+0000] {ssh.py:501} WARNING - pg_dump: reading dependency data
[2025-03-11T19:03:21.838+0000] {ssh.py:501} WARNING - pg_dump:
[2025-03-11T19:03:21.839+0000] {ssh.py:501} WARNING -  saving encoding = UTF8
[2025-03-11T19:03:21.839+0000] {ssh.py:501} WARNING - pg_dump: saving standard_conforming_strings = on
[2025-03-11T19:03:21.839+0000] {ssh.py:501} WARNING - pg_dump: saving search_path = 
[2025-03-11T19:03:21.840+0000] {ssh.py:501} WARNING - pg_dump: saving database definition
[2025-03-11T19:03:21.852+0000] {ssh.py:501} WARNING - pg_dump: dumping contents of table "public.department"
[2025-03-11T19:03:21.852+0000] {ssh.py:501} WARNING - pg_dump: dumping contents of table "public.employee_departments"
[2025-03-11T19:03:21.853+0000] {ssh.py:501} WARNING - pg_dump: dumping contents of table "public.employees"
[2025-03-11T19:03:21.854+0000] {ssh.py:501} WARNING - pg_dump: dumping contents of table "public.jobs"
[2025-03-11T19:03:21.856+0000] {ssh.py:501} WARNING - pg_dump: dumping contents of table "public.salaries"
[2025-03-11T19:03:21.857+0000] {ssh.py:501} WARNING - pg_dump: dumping contents of table "public.staging_hr"
[2025-03-11T19:03:21.894+0000] {taskinstance.py:1323} INFO - Marking task as SUCCESS. dag_id=project2, task_id=export_postgres, execution_date=20250311T190311, start_date=20250311T190321, end_date=20250311T190321
[2025-03-11T19:03:21.926+0000] {local_task_job.py:208} INFO - Task exited with return code 0
[2025-03-11T19:03:21.947+0000] {taskinstance.py:2578} INFO - 1 downstream tasks scheduled from follow-on schedule check
