[2025-03-10T18:45:16.845+0000] {taskinstance.py:1083} INFO - Dependencies all met for <TaskInstance: project2.insert_update_employee_department manual__2025-03-10T18:45:12.658267+00:00 [queued]>
[2025-03-10T18:45:16.855+0000] {taskinstance.py:1083} INFO - Dependencies all met for <TaskInstance: project2.insert_update_employee_department manual__2025-03-10T18:45:12.658267+00:00 [queued]>
[2025-03-10T18:45:16.856+0000] {taskinstance.py:1279} INFO - 
--------------------------------------------------------------------------------
[2025-03-10T18:45:16.856+0000] {taskinstance.py:1280} INFO - Starting attempt 1 of 1
[2025-03-10T18:45:16.857+0000] {taskinstance.py:1281} INFO - 
--------------------------------------------------------------------------------
[2025-03-10T18:45:16.875+0000] {taskinstance.py:1300} INFO - Executing <Task(PostgresOperator): insert_update_employee_department> on 2025-03-10 18:45:12.658267+00:00
[2025-03-10T18:45:16.881+0000] {standard_task_runner.py:55} INFO - Started process 112 to run task
[2025-03-10T18:45:16.887+0000] {standard_task_runner.py:82} INFO - Running: ['***', 'tasks', 'run', 'project2', 'insert_update_employee_department', 'manual__2025-03-10T18:45:12.658267+00:00', '--job-id', '137', '--raw', '--subdir', 'DAGS_FOLDER/project2.py', '--cfg-path', '/tmp/tmp9hh3185f']
[2025-03-10T18:45:16.887+0000] {standard_task_runner.py:83} INFO - Job 137: Subtask insert_update_employee_department
[2025-03-10T18:45:16.986+0000] {task_command.py:388} INFO - Running <TaskInstance: project2.insert_update_employee_department manual__2025-03-10T18:45:12.658267+00:00 [running]> on host f1d7771c7032
[2025-03-10T18:45:17.069+0000] {taskinstance.py:1509} INFO - Exporting the following env vars:
AIRFLOW_CTX_DAG_OWNER=***
AIRFLOW_CTX_DAG_ID=project2
AIRFLOW_CTX_TASK_ID=insert_update_employee_department
AIRFLOW_CTX_EXECUTION_DATE=2025-03-10T18:45:12.658267+00:00
AIRFLOW_CTX_TRY_NUMBER=1
AIRFLOW_CTX_DAG_RUN_ID=manual__2025-03-10T18:45:12.658267+00:00
[2025-03-10T18:45:17.070+0000] {sql.py:254} INFO - Executing: CALL update_employee_departments()
[2025-03-10T18:45:17.079+0000] {base.py:73} INFO - Using connection ID 'postgres_conn' for task execution.
[2025-03-10T18:45:17.308+0000] {base.py:73} INFO - Using connection ID 'postgres_conn' for task execution.
[2025-03-10T18:45:17.334+0000] {sql.py:375} INFO - Running statement: CALL update_employee_departments(), parameters: None
[2025-03-10T18:45:17.350+0000] {taskinstance.py:1768} ERROR - Task failed with exception
Traceback (most recent call last):
  File "/home/airflow/.local/lib/python3.7/site-packages/airflow/providers/common/sql/operators/sql.py", line 266, in execute
    **extra_kwargs,
  File "/home/airflow/.local/lib/python3.7/site-packages/airflow/providers/common/sql/hooks/sql.py", line 349, in run
    self._run_command(cur, sql_statement, parameters)
  File "/home/airflow/.local/lib/python3.7/site-packages/airflow/providers/common/sql/hooks/sql.py", line 380, in _run_command
    cur.execute(sql_statement)
psycopg2.errors.NotNullViolation: null value in column "employee_department_id" of relation "employee_departments" violates not-null constraint
DETAIL:  Failing row contains (null, null, null, 5).
CONTEXT:  SQL statement "INSERT INTO employee_departments (employee_department_id, employee_id, department_id, YearsWithCurrManager)
SELECT s.employee_department_id, s.employee_id, s.department_id, s.YearsWithCurrManager
FROM staging_hr s
LEFT JOIN employee_departments ed ON s.employee_department_id = ed.employee_department_id
WHERE ed.employee_department_id IS NULL"
PL/pgSQL function update_employee_departments() line 3 at SQL statement

[2025-03-10T18:45:17.362+0000] {taskinstance.py:1323} INFO - Marking task as FAILED. dag_id=project2, task_id=insert_update_employee_department, execution_date=20250310T184512, start_date=20250310T184516, end_date=20250310T184517
[2025-03-10T18:45:17.378+0000] {standard_task_runner.py:105} ERROR - Failed to execute job 137 for task insert_update_employee_department (null value in column "employee_department_id" of relation "employee_departments" violates not-null constraint
DETAIL:  Failing row contains (null, null, null, 5).
CONTEXT:  SQL statement "INSERT INTO employee_departments (employee_department_id, employee_id, department_id, YearsWithCurrManager)
SELECT s.employee_department_id, s.employee_id, s.department_id, s.YearsWithCurrManager
FROM staging_hr s
LEFT JOIN employee_departments ed ON s.employee_department_id = ed.employee_department_id
WHERE ed.employee_department_id IS NULL"
PL/pgSQL function update_employee_departments() line 3 at SQL statement
; 112)
[2025-03-10T18:45:17.419+0000] {local_task_job.py:208} INFO - Task exited with return code 1
[2025-03-10T18:45:17.467+0000] {taskinstance.py:2578} INFO - 0 downstream tasks scheduled from follow-on schedule check
