[2025-03-11T17:48:04.792+0000] {taskinstance.py:1083} INFO - Dependencies all met for <TaskInstance: project2.insert_employee_department manual__2025-03-11T17:47:58.298614+00:00 [queued]>
[2025-03-11T17:48:04.801+0000] {taskinstance.py:1083} INFO - Dependencies all met for <TaskInstance: project2.insert_employee_department manual__2025-03-11T17:47:58.298614+00:00 [queued]>
[2025-03-11T17:48:04.802+0000] {taskinstance.py:1279} INFO - 
--------------------------------------------------------------------------------
[2025-03-11T17:48:04.802+0000] {taskinstance.py:1280} INFO - Starting attempt 1 of 1
[2025-03-11T17:48:04.802+0000] {taskinstance.py:1281} INFO - 
--------------------------------------------------------------------------------
[2025-03-11T17:48:04.815+0000] {taskinstance.py:1300} INFO - Executing <Task(PostgresOperator): insert_employee_department> on 2025-03-11 17:47:58.298614+00:00
[2025-03-11T17:48:04.820+0000] {standard_task_runner.py:55} INFO - Started process 8713 to run task
[2025-03-11T17:48:04.823+0000] {standard_task_runner.py:82} INFO - Running: ['***', 'tasks', 'run', 'project2', 'insert_employee_department', 'manual__2025-03-11T17:47:58.298614+00:00', '--job-id', '280', '--raw', '--subdir', 'DAGS_FOLDER/project2.py', '--cfg-path', '/tmp/tmpy4phpc3x']
[2025-03-11T17:48:04.823+0000] {standard_task_runner.py:83} INFO - Job 280: Subtask insert_employee_department
[2025-03-11T17:48:04.885+0000] {task_command.py:388} INFO - Running <TaskInstance: project2.insert_employee_department manual__2025-03-11T17:47:58.298614+00:00 [running]> on host 2ec744569db4
[2025-03-11T17:48:04.948+0000] {taskinstance.py:1509} INFO - Exporting the following env vars:
AIRFLOW_CTX_DAG_OWNER=***
AIRFLOW_CTX_DAG_ID=project2
AIRFLOW_CTX_TASK_ID=insert_employee_department
AIRFLOW_CTX_EXECUTION_DATE=2025-03-11T17:47:58.298614+00:00
AIRFLOW_CTX_TRY_NUMBER=1
AIRFLOW_CTX_DAG_RUN_ID=manual__2025-03-11T17:47:58.298614+00:00
[2025-03-11T17:48:04.948+0000] {sql.py:254} INFO - Executing: CALL update_employee_departments()
[2025-03-11T17:48:04.956+0000] {base.py:73} INFO - Using connection ID 'postgres_conn' for task execution.
[2025-03-11T17:48:05.133+0000] {base.py:73} INFO - Using connection ID 'postgres_conn' for task execution.
[2025-03-11T17:48:05.149+0000] {sql.py:375} INFO - Running statement: CALL update_employee_departments(), parameters: None
[2025-03-11T17:48:05.174+0000] {taskinstance.py:1323} INFO - Marking task as SUCCESS. dag_id=project2, task_id=insert_employee_department, execution_date=20250311T174758, start_date=20250311T174804, end_date=20250311T174805
[2025-03-11T17:48:05.195+0000] {local_task_job.py:208} INFO - Task exited with return code 0
[2025-03-11T17:48:05.223+0000] {taskinstance.py:2578} INFO - 1 downstream tasks scheduled from follow-on schedule check
