[2025-03-10T13:40:45.468+0000] {taskinstance.py:1083} INFO - Dependencies all met for <TaskInstance: project2.check_table manual__2025-03-10T13:40:44.106919+00:00 [queued]>
[2025-03-10T13:40:45.476+0000] {taskinstance.py:1083} INFO - Dependencies all met for <TaskInstance: project2.check_table manual__2025-03-10T13:40:44.106919+00:00 [queued]>
[2025-03-10T13:40:45.476+0000] {taskinstance.py:1279} INFO - 
--------------------------------------------------------------------------------
[2025-03-10T13:40:45.477+0000] {taskinstance.py:1280} INFO - Starting attempt 1 of 1
[2025-03-10T13:40:45.477+0000] {taskinstance.py:1281} INFO - 
--------------------------------------------------------------------------------
[2025-03-10T13:40:45.489+0000] {taskinstance.py:1300} INFO - Executing <Task(PostgresOperator): check_table> on 2025-03-10 13:40:44.106919+00:00
[2025-03-10T13:40:45.493+0000] {standard_task_runner.py:55} INFO - Started process 1589 to run task
[2025-03-10T13:40:45.496+0000] {standard_task_runner.py:82} INFO - Running: ['***', 'tasks', 'run', 'project2', 'check_table', 'manual__2025-03-10T13:40:44.106919+00:00', '--job-id', '101', '--raw', '--subdir', 'DAGS_FOLDER/project2.py', '--cfg-path', '/tmp/tmpcm4tsax5']
[2025-03-10T13:40:45.496+0000] {standard_task_runner.py:83} INFO - Job 101: Subtask check_table
[2025-03-10T13:40:45.545+0000] {task_command.py:388} INFO - Running <TaskInstance: project2.check_table manual__2025-03-10T13:40:44.106919+00:00 [running]> on host d234808dccbd
[2025-03-10T13:40:45.601+0000] {taskinstance.py:1509} INFO - Exporting the following env vars:
AIRFLOW_CTX_DAG_OWNER=***
AIRFLOW_CTX_DAG_ID=project2
AIRFLOW_CTX_TASK_ID=check_table
AIRFLOW_CTX_EXECUTION_DATE=2025-03-10T13:40:44.106919+00:00
AIRFLOW_CTX_TRY_NUMBER=1
AIRFLOW_CTX_DAG_RUN_ID=manual__2025-03-10T13:40:44.106919+00:00
[2025-03-10T13:40:45.601+0000] {sql.py:254} INFO - Executing: SELECT table_name FROM information_schema.tables WHERE table_schema = 'public';
[2025-03-10T13:40:45.609+0000] {base.py:73} INFO - Using connection ID 'postgres_conn' for task execution.
[2025-03-10T13:40:45.789+0000] {base.py:73} INFO - Using connection ID 'postgres_conn' for task execution.
[2025-03-10T13:40:45.806+0000] {sql.py:375} INFO - Running statement: SELECT table_name FROM information_schema.tables WHERE table_schema = 'public';, parameters: None
[2025-03-10T13:40:45.858+0000] {sql.py:384} INFO - Rows affected: 0
[2025-03-10T13:40:45.879+0000] {taskinstance.py:1323} INFO - Marking task as SUCCESS. dag_id=project2, task_id=check_table, execution_date=20250310T134044, start_date=20250310T134045, end_date=20250310T134045
[2025-03-10T13:40:45.908+0000] {local_task_job.py:208} INFO - Task exited with return code 0
[2025-03-10T13:40:45.928+0000] {taskinstance.py:2578} INFO - 0 downstream tasks scheduled from follow-on schedule check
