[2025-03-10T13:46:23.996+0000] {taskinstance.py:1083} INFO - Dependencies all met for <TaskInstance: project2.import_csv manual__2025-03-10T13:46:22.580770+00:00 [queued]>
[2025-03-10T13:46:24.004+0000] {taskinstance.py:1083} INFO - Dependencies all met for <TaskInstance: project2.import_csv manual__2025-03-10T13:46:22.580770+00:00 [queued]>
[2025-03-10T13:46:24.005+0000] {taskinstance.py:1279} INFO - 
--------------------------------------------------------------------------------
[2025-03-10T13:46:24.005+0000] {taskinstance.py:1280} INFO - Starting attempt 1 of 1
[2025-03-10T13:46:24.005+0000] {taskinstance.py:1281} INFO - 
--------------------------------------------------------------------------------
[2025-03-10T13:46:24.017+0000] {taskinstance.py:1300} INFO - Executing <Task(PostgresOperator): import_csv> on 2025-03-10 13:46:22.580770+00:00
[2025-03-10T13:46:24.022+0000] {standard_task_runner.py:55} INFO - Started process 2172 to run task
[2025-03-10T13:46:24.024+0000] {standard_task_runner.py:82} INFO - Running: ['***', 'tasks', 'run', 'project2', 'import_csv', 'manual__2025-03-10T13:46:22.580770+00:00', '--job-id', '102', '--raw', '--subdir', 'DAGS_FOLDER/project2.py', '--cfg-path', '/tmp/tmp4vevy81y']
[2025-03-10T13:46:24.025+0000] {standard_task_runner.py:83} INFO - Job 102: Subtask import_csv
[2025-03-10T13:46:24.076+0000] {task_command.py:388} INFO - Running <TaskInstance: project2.import_csv manual__2025-03-10T13:46:22.580770+00:00 [running]> on host d234808dccbd
[2025-03-10T13:46:24.135+0000] {taskinstance.py:1509} INFO - Exporting the following env vars:
AIRFLOW_CTX_DAG_OWNER=***
AIRFLOW_CTX_DAG_ID=project2
AIRFLOW_CTX_TASK_ID=import_csv
AIRFLOW_CTX_EXECUTION_DATE=2025-03-10T13:46:22.580770+00:00
AIRFLOW_CTX_TRY_NUMBER=1
AIRFLOW_CTX_DAG_RUN_ID=manual__2025-03-10T13:46:22.580770+00:00
[2025-03-10T13:46:24.136+0000] {sql.py:254} INFO - Executing: 
        COPY staging_hr FROM '/home/dg/hr_data1.csv' 
        DELIMITER ',' CSV HEADER;
        
[2025-03-10T13:46:24.144+0000] {base.py:73} INFO - Using connection ID 'postgres_conn' for task execution.
[2025-03-10T13:46:24.330+0000] {base.py:73} INFO - Using connection ID 'postgres_conn' for task execution.
[2025-03-10T13:46:24.348+0000] {sql.py:375} INFO - Running statement: 
        COPY staging_hr FROM '/home/dg/hr_data1.csv' 
        DELIMITER ',' CSV HEADER;
        , parameters: None
[2025-03-10T13:46:24.353+0000] {taskinstance.py:1768} ERROR - Task failed with exception
Traceback (most recent call last):
  File "/home/airflow/.local/lib/python3.7/site-packages/airflow/providers/common/sql/operators/sql.py", line 266, in execute
    **extra_kwargs,
  File "/home/airflow/.local/lib/python3.7/site-packages/airflow/providers/common/sql/hooks/sql.py", line 349, in run
    self._run_command(cur, sql_statement, parameters)
  File "/home/airflow/.local/lib/python3.7/site-packages/airflow/providers/common/sql/hooks/sql.py", line 380, in _run_command
    cur.execute(sql_statement)
psycopg2.errors.InsufficientPrivilege: could not open file "/home/dg/hr_data1.csv" for reading: Permission denied
HINT:  COPY FROM instructs the PostgreSQL server process to read a file. You may want a client-side facility such as psql's \copy.

[2025-03-10T13:46:24.362+0000] {taskinstance.py:1323} INFO - Marking task as FAILED. dag_id=project2, task_id=import_csv, execution_date=20250310T134622, start_date=20250310T134623, end_date=20250310T134624
[2025-03-10T13:46:24.372+0000] {standard_task_runner.py:105} ERROR - Failed to execute job 102 for task import_csv (could not open file "/home/dg/hr_data1.csv" for reading: Permission denied
HINT:  COPY FROM instructs the PostgreSQL server process to read a file. You may want a client-side facility such as psql's \copy.
; 2172)
[2025-03-10T13:46:24.397+0000] {local_task_job.py:208} INFO - Task exited with return code 1
[2025-03-10T13:46:24.414+0000] {taskinstance.py:2578} INFO - 0 downstream tasks scheduled from follow-on schedule check
