[2025-03-10T18:45:15.442+0000] {taskinstance.py:1083} INFO - Dependencies all met for <TaskInstance: project2.alter_staging manual__2025-03-10T18:45:12.658267+00:00 [queued]>
[2025-03-10T18:45:15.452+0000] {taskinstance.py:1083} INFO - Dependencies all met for <TaskInstance: project2.alter_staging manual__2025-03-10T18:45:12.658267+00:00 [queued]>
[2025-03-10T18:45:15.453+0000] {taskinstance.py:1279} INFO - 
--------------------------------------------------------------------------------
[2025-03-10T18:45:15.453+0000] {taskinstance.py:1280} INFO - Starting attempt 1 of 1
[2025-03-10T18:45:15.454+0000] {taskinstance.py:1281} INFO - 
--------------------------------------------------------------------------------
[2025-03-10T18:45:15.468+0000] {taskinstance.py:1300} INFO - Executing <Task(PostgresOperator): alter_staging> on 2025-03-10 18:45:12.658267+00:00
[2025-03-10T18:45:15.473+0000] {standard_task_runner.py:55} INFO - Started process 102 to run task
[2025-03-10T18:45:15.475+0000] {standard_task_runner.py:82} INFO - Running: ['***', 'tasks', 'run', 'project2', 'alter_staging', 'manual__2025-03-10T18:45:12.658267+00:00', '--job-id', '132', '--raw', '--subdir', 'DAGS_FOLDER/project2.py', '--cfg-path', '/tmp/tmpsdjevlm4']
[2025-03-10T18:45:15.476+0000] {standard_task_runner.py:83} INFO - Job 132: Subtask alter_staging
[2025-03-10T18:45:15.531+0000] {task_command.py:388} INFO - Running <TaskInstance: project2.alter_staging manual__2025-03-10T18:45:12.658267+00:00 [running]> on host f1d7771c7032
[2025-03-10T18:45:15.587+0000] {taskinstance.py:1509} INFO - Exporting the following env vars:
AIRFLOW_CTX_DAG_OWNER=***
AIRFLOW_CTX_DAG_ID=project2
AIRFLOW_CTX_TASK_ID=alter_staging
AIRFLOW_CTX_EXECUTION_DATE=2025-03-10T18:45:12.658267+00:00
AIRFLOW_CTX_TRY_NUMBER=1
AIRFLOW_CTX_DAG_RUN_ID=manual__2025-03-10T18:45:12.658267+00:00
[2025-03-10T18:45:15.588+0000] {sql.py:254} INFO - Executing: CALL alter_staging()
[2025-03-10T18:45:15.596+0000] {base.py:73} INFO - Using connection ID 'postgres_conn' for task execution.
[2025-03-10T18:45:15.782+0000] {base.py:73} INFO - Using connection ID 'postgres_conn' for task execution.
[2025-03-10T18:45:15.804+0000] {sql.py:375} INFO - Running statement: CALL alter_staging(), parameters: None
[2025-03-10T18:45:15.854+0000] {taskinstance.py:1323} INFO - Marking task as SUCCESS. dag_id=project2, task_id=alter_staging, execution_date=20250310T184512, start_date=20250310T184515, end_date=20250310T184515
[2025-03-10T18:45:15.888+0000] {local_task_job.py:208} INFO - Task exited with return code 0
[2025-03-10T18:45:15.909+0000] {taskinstance.py:2578} INFO - 5 downstream tasks scheduled from follow-on schedule check
