[2025-03-11T14:35:54.545+0000] {taskinstance.py:1083} INFO - Dependencies all met for <TaskInstance: project2.insert_salaries manual__2025-03-11T14:35:48.457721+00:00 [queued]>
[2025-03-11T14:35:54.555+0000] {taskinstance.py:1083} INFO - Dependencies all met for <TaskInstance: project2.insert_salaries manual__2025-03-11T14:35:48.457721+00:00 [queued]>
[2025-03-11T14:35:54.555+0000] {taskinstance.py:1279} INFO - 
--------------------------------------------------------------------------------
[2025-03-11T14:35:54.556+0000] {taskinstance.py:1280} INFO - Starting attempt 1 of 1
[2025-03-11T14:35:54.557+0000] {taskinstance.py:1281} INFO - 
--------------------------------------------------------------------------------
[2025-03-11T14:35:54.569+0000] {taskinstance.py:1300} INFO - Executing <Task(PostgresOperator): insert_salaries> on 2025-03-11 14:35:48.457721+00:00
[2025-03-11T14:35:54.574+0000] {standard_task_runner.py:55} INFO - Started process 4115 to run task
[2025-03-11T14:35:54.576+0000] {standard_task_runner.py:82} INFO - Running: ['***', 'tasks', 'run', 'project2', 'insert_salaries', 'manual__2025-03-11T14:35:48.457721+00:00', '--job-id', '249', '--raw', '--subdir', 'DAGS_FOLDER/project2.py', '--cfg-path', '/tmp/tmpkxslde4m']
[2025-03-11T14:35:54.577+0000] {standard_task_runner.py:83} INFO - Job 249: Subtask insert_salaries
[2025-03-11T14:35:54.634+0000] {task_command.py:388} INFO - Running <TaskInstance: project2.insert_salaries manual__2025-03-11T14:35:48.457721+00:00 [running]> on host 2ec744569db4
[2025-03-11T14:35:54.694+0000] {taskinstance.py:1509} INFO - Exporting the following env vars:
AIRFLOW_CTX_DAG_OWNER=***
AIRFLOW_CTX_DAG_ID=project2
AIRFLOW_CTX_TASK_ID=insert_salaries
AIRFLOW_CTX_EXECUTION_DATE=2025-03-11T14:35:48.457721+00:00
AIRFLOW_CTX_TRY_NUMBER=1
AIRFLOW_CTX_DAG_RUN_ID=manual__2025-03-11T14:35:48.457721+00:00
[2025-03-11T14:35:54.694+0000] {sql.py:254} INFO - Executing: CALL update_salaries();
[2025-03-11T14:35:54.701+0000] {base.py:73} INFO - Using connection ID 'postgres_conn' for task execution.
[2025-03-11T14:35:54.895+0000] {base.py:73} INFO - Using connection ID 'postgres_conn' for task execution.
[2025-03-11T14:35:54.914+0000] {sql.py:375} INFO - Running statement: CALL update_salaries();, parameters: None
[2025-03-11T14:35:54.935+0000] {taskinstance.py:1323} INFO - Marking task as SUCCESS. dag_id=project2, task_id=insert_salaries, execution_date=20250311T143548, start_date=20250311T143554, end_date=20250311T143554
[2025-03-11T14:35:54.989+0000] {local_task_job.py:208} INFO - Task exited with return code 0
[2025-03-11T14:35:55.013+0000] {taskinstance.py:2578} INFO - 1 downstream tasks scheduled from follow-on schedule check
