[2025-03-11T17:40:25.048+0000] {taskinstance.py:1083} INFO - Dependencies all met for <TaskInstance: project2.clear_staging manual__2025-03-11T17:40:15.870594+00:00 [queued]>
[2025-03-11T17:40:25.059+0000] {taskinstance.py:1083} INFO - Dependencies all met for <TaskInstance: project2.clear_staging manual__2025-03-11T17:40:15.870594+00:00 [queued]>
[2025-03-11T17:40:25.059+0000] {taskinstance.py:1279} INFO - 
--------------------------------------------------------------------------------
[2025-03-11T17:40:25.060+0000] {taskinstance.py:1280} INFO - Starting attempt 1 of 1
[2025-03-11T17:40:25.060+0000] {taskinstance.py:1281} INFO - 
--------------------------------------------------------------------------------
[2025-03-11T17:40:25.074+0000] {taskinstance.py:1300} INFO - Executing <Task(PostgresOperator): clear_staging> on 2025-03-11 17:40:15.870594+00:00
[2025-03-11T17:40:25.079+0000] {standard_task_runner.py:55} INFO - Started process 7899 to run task
[2025-03-11T17:40:25.082+0000] {standard_task_runner.py:82} INFO - Running: ['***', 'tasks', 'run', 'project2', 'clear_staging', 'manual__2025-03-11T17:40:15.870594+00:00', '--job-id', '266', '--raw', '--subdir', 'DAGS_FOLDER/project2.py', '--cfg-path', '/tmp/tmp5p5riizn']
[2025-03-11T17:40:25.083+0000] {standard_task_runner.py:83} INFO - Job 266: Subtask clear_staging
[2025-03-11T17:40:25.150+0000] {task_command.py:388} INFO - Running <TaskInstance: project2.clear_staging manual__2025-03-11T17:40:15.870594+00:00 [running]> on host 2ec744569db4
[2025-03-11T17:40:25.225+0000] {taskinstance.py:1509} INFO - Exporting the following env vars:
AIRFLOW_CTX_DAG_OWNER=***
AIRFLOW_CTX_DAG_ID=project2
AIRFLOW_CTX_TASK_ID=clear_staging
AIRFLOW_CTX_EXECUTION_DATE=2025-03-11T17:40:15.870594+00:00
AIRFLOW_CTX_TRY_NUMBER=1
AIRFLOW_CTX_DAG_RUN_ID=manual__2025-03-11T17:40:15.870594+00:00
[2025-03-11T17:40:25.226+0000] {sql.py:254} INFO - Executing: CALL truncate_table('staging_hr');
[2025-03-11T17:40:25.234+0000] {base.py:73} INFO - Using connection ID 'postgres_conn' for task execution.
[2025-03-11T17:40:25.458+0000] {base.py:73} INFO - Using connection ID 'postgres_conn' for task execution.
[2025-03-11T17:40:25.478+0000] {sql.py:375} INFO - Running statement: CALL truncate_table('staging_hr');, parameters: None
[2025-03-11T17:40:25.531+0000] {taskinstance.py:1323} INFO - Marking task as SUCCESS. dag_id=project2, task_id=clear_staging, execution_date=20250311T174015, start_date=20250311T174025, end_date=20250311T174025
[2025-03-11T17:40:25.575+0000] {local_task_job.py:208} INFO - Task exited with return code 0
[2025-03-11T17:40:25.608+0000] {taskinstance.py:2578} INFO - 1 downstream tasks scheduled from follow-on schedule check
