[2025-03-10T16:45:41.319+0000] {taskinstance.py:1083} INFO - Dependencies all met for <TaskInstance: project2.insert_update_employee_department manual__2025-03-10T16:45:38.023190+00:00 [queued]>
[2025-03-10T16:45:41.333+0000] {taskinstance.py:1083} INFO - Dependencies all met for <TaskInstance: project2.insert_update_employee_department manual__2025-03-10T16:45:38.023190+00:00 [queued]>
[2025-03-10T16:45:41.334+0000] {taskinstance.py:1279} INFO - 
--------------------------------------------------------------------------------
[2025-03-10T16:45:41.335+0000] {taskinstance.py:1280} INFO - Starting attempt 1 of 1
[2025-03-10T16:45:41.335+0000] {taskinstance.py:1281} INFO - 
--------------------------------------------------------------------------------
[2025-03-10T16:45:41.354+0000] {taskinstance.py:1300} INFO - Executing <Task(PostgresOperator): insert_update_employee_department> on 2025-03-10 16:45:38.023190+00:00
[2025-03-10T16:45:41.360+0000] {standard_task_runner.py:55} INFO - Started process 1052 to run task
[2025-03-10T16:45:41.364+0000] {standard_task_runner.py:82} INFO - Running: ['***', 'tasks', 'run', 'project2', 'insert_update_employee_department', 'manual__2025-03-10T16:45:38.023190+00:00', '--job-id', '121', '--raw', '--subdir', 'DAGS_FOLDER/project2.py', '--cfg-path', '/tmp/tmp1prt0k3j']
[2025-03-10T16:45:41.365+0000] {standard_task_runner.py:83} INFO - Job 121: Subtask insert_update_employee_department
[2025-03-10T16:45:41.452+0000] {task_command.py:388} INFO - Running <TaskInstance: project2.insert_update_employee_department manual__2025-03-10T16:45:38.023190+00:00 [running]> on host 9f269e3d46f6
[2025-03-10T16:45:41.544+0000] {taskinstance.py:1509} INFO - Exporting the following env vars:
AIRFLOW_CTX_DAG_OWNER=***
AIRFLOW_CTX_DAG_ID=project2
AIRFLOW_CTX_TASK_ID=insert_update_employee_department
AIRFLOW_CTX_EXECUTION_DATE=2025-03-10T16:45:38.023190+00:00
AIRFLOW_CTX_TRY_NUMBER=1
AIRFLOW_CTX_DAG_RUN_ID=manual__2025-03-10T16:45:38.023190+00:00
[2025-03-10T16:45:41.545+0000] {sql.py:254} INFO - Executing: CALL update_employee_departments()
[2025-03-10T16:45:41.558+0000] {base.py:73} INFO - Using connection ID 'postgres_conn' for task execution.
[2025-03-10T16:45:41.816+0000] {base.py:73} INFO - Using connection ID 'postgres_conn' for task execution.
[2025-03-10T16:45:41.845+0000] {sql.py:375} INFO - Running statement: CALL update_employee_departments(), parameters: None
[2025-03-10T16:45:41.854+0000] {taskinstance.py:1768} ERROR - Task failed with exception
Traceback (most recent call last):
  File "/home/airflow/.local/lib/python3.7/site-packages/airflow/providers/common/sql/operators/sql.py", line 266, in execute
    **extra_kwargs,
  File "/home/airflow/.local/lib/python3.7/site-packages/airflow/providers/common/sql/hooks/sql.py", line 349, in run
    self._run_command(cur, sql_statement, parameters)
  File "/home/airflow/.local/lib/python3.7/site-packages/airflow/providers/common/sql/hooks/sql.py", line 380, in _run_command
    cur.execute(sql_statement)
psycopg2.errors.UndefinedColumn: column s.employee_department_id does not exist
LINE 4: LEFT JOIN employee_departments ed ON s.employee_department_i...
                                             ^
HINT:  Perhaps you meant to reference the column "ed.employee_department_id".
QUERY:  INSERT INTO employee_departments (employee_department_id, employee_id, department_id, YearsWithCurrManager)
SELECT s.employee_department_id, s.employee_id, s.department_id, s.YearsWithCurrManager
FROM staging_hr s
LEFT JOIN employee_departments ed ON s.employee_department_id = ed.employee_department_id
WHERE ed.employee_department_id IS NULL
CONTEXT:  PL/pgSQL function update_employee_departments() line 3 at SQL statement

[2025-03-10T16:45:41.866+0000] {taskinstance.py:1323} INFO - Marking task as FAILED. dag_id=project2, task_id=insert_update_employee_department, execution_date=20250310T164538, start_date=20250310T164541, end_date=20250310T164541
[2025-03-10T16:45:41.886+0000] {standard_task_runner.py:105} ERROR - Failed to execute job 121 for task insert_update_employee_department (column s.employee_department_id does not exist
LINE 4: LEFT JOIN employee_departments ed ON s.employee_department_i...
                                             ^
HINT:  Perhaps you meant to reference the column "ed.employee_department_id".
QUERY:  INSERT INTO employee_departments (employee_department_id, employee_id, department_id, YearsWithCurrManager)
SELECT s.employee_department_id, s.employee_id, s.department_id, s.YearsWithCurrManager
FROM staging_hr s
LEFT JOIN employee_departments ed ON s.employee_department_id = ed.employee_department_id
WHERE ed.employee_department_id IS NULL
CONTEXT:  PL/pgSQL function update_employee_departments() line 3 at SQL statement
; 1052)
[2025-03-10T16:45:41.938+0000] {local_task_job.py:208} INFO - Task exited with return code 1
[2025-03-10T16:45:41.975+0000] {taskinstance.py:2578} INFO - 0 downstream tasks scheduled from follow-on schedule check
