[2025-03-11T14:08:13.769+0000] {taskinstance.py:1083} INFO - Dependencies all met for <TaskInstance: project2.insert_employee_department manual__2025-03-11T14:08:07.725535+00:00 [queued]>
[2025-03-11T14:08:13.777+0000] {taskinstance.py:1083} INFO - Dependencies all met for <TaskInstance: project2.insert_employee_department manual__2025-03-11T14:08:07.725535+00:00 [queued]>
[2025-03-11T14:08:13.777+0000] {taskinstance.py:1279} INFO - 
--------------------------------------------------------------------------------
[2025-03-11T14:08:13.777+0000] {taskinstance.py:1280} INFO - Starting attempt 1 of 1
[2025-03-11T14:08:13.778+0000] {taskinstance.py:1281} INFO - 
--------------------------------------------------------------------------------
[2025-03-11T14:08:13.789+0000] {taskinstance.py:1300} INFO - Executing <Task(PostgresOperator): insert_employee_department> on 2025-03-11 14:08:07.725535+00:00
[2025-03-11T14:08:13.794+0000] {standard_task_runner.py:55} INFO - Started process 1244 to run task
[2025-03-11T14:08:13.796+0000] {standard_task_runner.py:82} INFO - Running: ['***', 'tasks', 'run', 'project2', 'insert_employee_department', 'manual__2025-03-11T14:08:07.725535+00:00', '--job-id', '235', '--raw', '--subdir', 'DAGS_FOLDER/project2.py', '--cfg-path', '/tmp/tmpb3cfr9rv']
[2025-03-11T14:08:13.796+0000] {standard_task_runner.py:83} INFO - Job 235: Subtask insert_employee_department
[2025-03-11T14:08:13.846+0000] {task_command.py:388} INFO - Running <TaskInstance: project2.insert_employee_department manual__2025-03-11T14:08:07.725535+00:00 [running]> on host 2ec744569db4
[2025-03-11T14:08:13.902+0000] {taskinstance.py:1509} INFO - Exporting the following env vars:
AIRFLOW_CTX_DAG_OWNER=***
AIRFLOW_CTX_DAG_ID=project2
AIRFLOW_CTX_TASK_ID=insert_employee_department
AIRFLOW_CTX_EXECUTION_DATE=2025-03-11T14:08:07.725535+00:00
AIRFLOW_CTX_TRY_NUMBER=1
AIRFLOW_CTX_DAG_RUN_ID=manual__2025-03-11T14:08:07.725535+00:00
[2025-03-11T14:08:13.903+0000] {sql.py:254} INFO - Executing: CALL update_employee_departments()
[2025-03-11T14:08:13.910+0000] {base.py:73} INFO - Using connection ID 'postgres_conn' for task execution.
[2025-03-11T14:08:14.095+0000] {base.py:73} INFO - Using connection ID 'postgres_conn' for task execution.
[2025-03-11T14:08:14.111+0000] {sql.py:375} INFO - Running statement: CALL update_employee_departments(), parameters: None
[2025-03-11T14:08:14.136+0000] {taskinstance.py:1323} INFO - Marking task as SUCCESS. dag_id=project2, task_id=insert_employee_department, execution_date=20250311T140807, start_date=20250311T140813, end_date=20250311T140814
[2025-03-11T14:08:14.168+0000] {local_task_job.py:208} INFO - Task exited with return code 0
[2025-03-11T14:08:14.188+0000] {taskinstance.py:2578} INFO - 1 downstream tasks scheduled from follow-on schedule check
