[2025-03-11T19:13:07.019+0000] {taskinstance.py:1083} INFO - Dependencies all met for <TaskInstance: project2.export_postgres manual__2025-03-11T19:12:50.563766+00:00 [queued]>
[2025-03-11T19:13:07.028+0000] {taskinstance.py:1083} INFO - Dependencies all met for <TaskInstance: project2.export_postgres manual__2025-03-11T19:12:50.563766+00:00 [queued]>
[2025-03-11T19:13:07.028+0000] {taskinstance.py:1279} INFO - 
--------------------------------------------------------------------------------
[2025-03-11T19:13:07.030+0000] {taskinstance.py:1280} INFO - Starting attempt 1 of 1
[2025-03-11T19:13:07.030+0000] {taskinstance.py:1281} INFO - 
--------------------------------------------------------------------------------
[2025-03-11T19:13:07.041+0000] {taskinstance.py:1300} INFO - Executing <Task(SSHOperator): export_postgres> on 2025-03-11 19:12:50.563766+00:00
[2025-03-11T19:13:07.046+0000] {standard_task_runner.py:55} INFO - Started process 154 to run task
[2025-03-11T19:13:07.048+0000] {standard_task_runner.py:82} INFO - Running: ['***', 'tasks', 'run', 'project2', 'export_postgres', 'manual__2025-03-11T19:12:50.563766+00:00', '--job-id', '348', '--raw', '--subdir', 'DAGS_FOLDER/project2.py', '--cfg-path', '/tmp/tmpy57z9zvw']
[2025-03-11T19:13:07.048+0000] {standard_task_runner.py:83} INFO - Job 348: Subtask export_postgres
[2025-03-11T19:13:07.105+0000] {task_command.py:388} INFO - Running <TaskInstance: project2.export_postgres manual__2025-03-11T19:12:50.563766+00:00 [running]> on host ea6da4397df7
[2025-03-11T19:13:07.168+0000] {taskinstance.py:1509} INFO - Exporting the following env vars:
AIRFLOW_CTX_DAG_OWNER=***
AIRFLOW_CTX_DAG_ID=project2
AIRFLOW_CTX_TASK_ID=export_postgres
AIRFLOW_CTX_EXECUTION_DATE=2025-03-11T19:12:50.563766+00:00
AIRFLOW_CTX_TRY_NUMBER=1
AIRFLOW_CTX_DAG_RUN_ID=manual__2025-03-11T19:12:50.563766+00:00
[2025-03-11T19:13:07.169+0000] {ssh.py:133} INFO - Creating ssh_client
[2025-03-11T19:13:07.273+0000] {ssh.py:111} INFO - ssh_hook is not provided or invalid. Trying ssh_conn_id to create SSHHook.
[2025-03-11T19:13:07.282+0000] {base.py:73} INFO - Using connection ID 'ssh_vm' for task execution.
[2025-03-11T19:13:07.283+0000] {ssh.py:283} WARNING - No Host Key Verification. This won't protect against Man-In-The-Middle attacks
[2025-03-11T19:13:07.296+0000] {transport.py:1874} INFO - Connected (version 2.0, client OpenSSH_9.6p1)
[2025-03-11T19:13:07.340+0000] {transport.py:1874} INFO - Authentication (password) successful!
[2025-03-11T19:13:07.341+0000] {ssh.py:460} INFO - Running command: export PGPASSWORD='***' && pg_dump -U postgres -h localhost -p 5432 -F c -b -v -f /tmp/backup_db.dump postgres
[2025-03-11T19:13:07.582+0000] {ssh.py:501} WARNING - pg_dump: last built-in OID is 16383
[2025-03-11T19:13:07.582+0000] {ssh.py:501} WARNING - pg_dump: reading extensions
[2025-03-11T19:13:07.584+0000] {ssh.py:501} WARNING - pg_dump:
[2025-03-11T19:13:07.585+0000] {ssh.py:501} WARNING -  identifying extension members
[2025-03-11T19:13:07.585+0000] {ssh.py:501} WARNING - pg_dump: reading schemas
[2025-03-11T19:13:07.586+0000] {ssh.py:501} WARNING - pg_dump: reading user-defined tables
[2025-03-11T19:13:07.595+0000] {ssh.py:501} WARNING - pg_dump: reading user-defined functions
[2025-03-11T19:13:07.601+0000] {ssh.py:501} WARNING - pg_dump: reading user-defined types
[2025-03-11T19:13:07.605+0000] {ssh.py:501} WARNING - pg_dump: reading procedural languages
[2025-03-11T19:13:07.606+0000] {ssh.py:501} WARNING - pg_dump: reading user-defined aggregate functions
[2025-03-11T19:13:07.607+0000] {ssh.py:501} WARNING - pg_dump:
[2025-03-11T19:13:07.608+0000] {ssh.py:501} WARNING -  reading user-defined operators
[2025-03-11T19:13:07.609+0000] {ssh.py:501} WARNING - pg_dump: reading user-defined access methods
[2025-03-11T19:13:07.610+0000] {ssh.py:501} WARNING - pg_dump: reading user-defined operator classes
[2025-03-11T19:13:07.610+0000] {ssh.py:501} WARNING - pg_dump: reading user-defined operator families
[2025-03-11T19:13:07.611+0000] {ssh.py:501} WARNING - pg_dump: reading user-defined text search parsers
[2025-03-11T19:13:07.612+0000] {ssh.py:501} WARNING - pg_dump: reading user-defined text search templates
[2025-03-11T19:13:07.613+0000] {ssh.py:501} WARNING - pg_dump: reading user-defined text search dictionaries
[2025-03-11T19:13:07.614+0000] {ssh.py:501} WARNING - pg_dump: reading user-defined text search configurations
[2025-03-11T19:13:07.615+0000] {ssh.py:501} WARNING - pg_dump: reading user-defined foreign-data wrappers
[2025-03-11T19:13:07.615+0000] {ssh.py:501} WARNING - pg_dump: reading user-defined foreign servers
[2025-03-11T19:13:07.617+0000] {ssh.py:501} WARNING - pg_dump: reading default privileges
[2025-03-11T19:13:07.617+0000] {ssh.py:501} WARNING - pg_dump: reading user-defined collations
[2025-03-11T19:13:07.619+0000] {ssh.py:501} WARNING - pg_dump: reading user-defined conversions
[2025-03-11T19:13:07.619+0000] {ssh.py:501} WARNING - pg_dump: reading type casts
[2025-03-11T19:13:07.621+0000] {ssh.py:501} WARNING - pg_dump: reading transforms
[2025-03-11T19:13:07.621+0000] {ssh.py:501} WARNING - pg_dump: reading table inheritance information
[2025-03-11T19:13:07.622+0000] {ssh.py:501} WARNING - pg_dump: reading event triggers
[2025-03-11T19:13:07.623+0000] {ssh.py:501} WARNING - pg_dump: finding extension tables
[2025-03-11T19:13:07.624+0000] {ssh.py:501} WARNING - pg_dump: finding inheritance relationships
[2025-03-11T19:13:07.624+0000] {ssh.py:501} WARNING - pg_dump: reading column info for interesting tables
[2025-03-11T19:13:07.626+0000] {ssh.py:501} WARNING - pg_dump: finding table default expressions
[2025-03-11T19:13:07.628+0000] {ssh.py:501} WARNING - pg_dump:
[2025-03-11T19:13:07.629+0000] {ssh.py:501} WARNING -  flagging inherited columns in subtables
[2025-03-11T19:13:07.629+0000] {ssh.py:501} WARNING - pg_dump: reading partitioning data
[2025-03-11T19:13:07.629+0000] {ssh.py:501} WARNING - pg_dump: reading indexes
[2025-03-11T19:13:07.632+0000] {ssh.py:501} WARNING - pg_dump: flagging indexes in partitioned tables
[2025-03-11T19:13:07.632+0000] {ssh.py:501} WARNING - pg_dump: reading extended statistics
[2025-03-11T19:13:07.632+0000] {ssh.py:501} WARNING - pg_dump: reading constraints
[2025-03-11T19:13:07.633+0000] {ssh.py:501} WARNING - pg_dump: reading triggers
[2025-03-11T19:13:07.634+0000] {ssh.py:501} WARNING - pg_dump: reading rewrite rules
[2025-03-11T19:13:07.635+0000] {ssh.py:501} WARNING - pg_dump: reading policies
[2025-03-11T19:13:07.635+0000] {ssh.py:501} WARNING - pg_dump: reading row-level security policies
[2025-03-11T19:13:07.636+0000] {ssh.py:501} WARNING - pg_dump: reading publications
[2025-03-11T19:13:07.637+0000] {ssh.py:501} WARNING - pg_dump: reading publication membership of tables
[2025-03-11T19:13:07.637+0000] {ssh.py:501} WARNING - pg_dump: reading publication membership of schemas
[2025-03-11T19:13:07.638+0000] {ssh.py:501} WARNING - pg_dump: reading subscriptions
[2025-03-11T19:13:07.640+0000] {ssh.py:501} WARNING - pg_dump: reading large objects
[2025-03-11T19:13:07.641+0000] {ssh.py:501} WARNING - pg_dump: reading dependency data
[2025-03-11T19:13:07.656+0000] {ssh.py:501} WARNING - pg_dump: saving encoding = UTF8
[2025-03-11T19:13:07.657+0000] {ssh.py:501} WARNING - pg_dump: saving standard_conforming_strings = on
[2025-03-11T19:13:07.657+0000] {ssh.py:501} WARNING - pg_dump: saving search_path = 
[2025-03-11T19:13:07.657+0000] {ssh.py:501} WARNING - pg_dump: saving database definition
[2025-03-11T19:13:07.670+0000] {ssh.py:501} WARNING - pg_dump: dumping contents of table "public.department"
[2025-03-11T19:13:07.670+0000] {ssh.py:501} WARNING - pg_dump: dumping contents of table "public.employee_departments"
[2025-03-11T19:13:07.671+0000] {ssh.py:501} WARNING - pg_dump: dumping contents of table "public.employees"
[2025-03-11T19:13:07.672+0000] {ssh.py:501} WARNING - pg_dump: dumping contents of table "public.jobs"
[2025-03-11T19:13:07.674+0000] {ssh.py:501} WARNING - pg_dump: dumping contents of table "public.salaries"
[2025-03-11T19:13:07.675+0000] {ssh.py:501} WARNING - pg_dump: dumping contents of table "public.staging_hr"
[2025-03-11T19:13:07.715+0000] {taskinstance.py:1323} INFO - Marking task as SUCCESS. dag_id=project2, task_id=export_postgres, execution_date=20250311T191250, start_date=20250311T191307, end_date=20250311T191307
[2025-03-11T19:13:07.742+0000] {local_task_job.py:208} INFO - Task exited with return code 0
[2025-03-11T19:13:07.764+0000] {taskinstance.py:2578} INFO - 1 downstream tasks scheduled from follow-on schedule check
