[2025-03-10T13:51:02.007+0000] {taskinstance.py:1083} INFO - Dependencies all met for <TaskInstance: project2.import_csv manual__2025-03-10T13:51:01.275034+00:00 [queued]>
[2025-03-10T13:51:02.015+0000] {taskinstance.py:1083} INFO - Dependencies all met for <TaskInstance: project2.import_csv manual__2025-03-10T13:51:01.275034+00:00 [queued]>
[2025-03-10T13:51:02.016+0000] {taskinstance.py:1279} INFO - 
--------------------------------------------------------------------------------
[2025-03-10T13:51:02.016+0000] {taskinstance.py:1280} INFO - Starting attempt 1 of 1
[2025-03-10T13:51:02.017+0000] {taskinstance.py:1281} INFO - 
--------------------------------------------------------------------------------
[2025-03-10T13:51:02.029+0000] {taskinstance.py:1300} INFO - Executing <Task(PostgresOperator): import_csv> on 2025-03-10 13:51:01.275034+00:00
[2025-03-10T13:51:02.034+0000] {standard_task_runner.py:55} INFO - Started process 2643 to run task
[2025-03-10T13:51:02.036+0000] {standard_task_runner.py:82} INFO - Running: ['***', 'tasks', 'run', 'project2', 'import_csv', 'manual__2025-03-10T13:51:01.275034+00:00', '--job-id', '103', '--raw', '--subdir', 'DAGS_FOLDER/project2.py', '--cfg-path', '/tmp/tmpusks4snw']
[2025-03-10T13:51:02.037+0000] {standard_task_runner.py:83} INFO - Job 103: Subtask import_csv
[2025-03-10T13:51:02.094+0000] {task_command.py:388} INFO - Running <TaskInstance: project2.import_csv manual__2025-03-10T13:51:01.275034+00:00 [running]> on host d234808dccbd
[2025-03-10T13:51:02.156+0000] {taskinstance.py:1509} INFO - Exporting the following env vars:
AIRFLOW_CTX_DAG_OWNER=***
AIRFLOW_CTX_DAG_ID=project2
AIRFLOW_CTX_TASK_ID=import_csv
AIRFLOW_CTX_EXECUTION_DATE=2025-03-10T13:51:01.275034+00:00
AIRFLOW_CTX_TRY_NUMBER=1
AIRFLOW_CTX_DAG_RUN_ID=manual__2025-03-10T13:51:01.275034+00:00
[2025-03-10T13:51:02.157+0000] {sql.py:254} INFO - Executing: 
        COPY staging_hr FROM '/tmp/hr_data1.csv' 
        DELIMITER ',' CSV HEADER;
        
[2025-03-10T13:51:02.165+0000] {base.py:73} INFO - Using connection ID 'postgres_conn' for task execution.
[2025-03-10T13:51:02.357+0000] {base.py:73} INFO - Using connection ID 'postgres_conn' for task execution.
[2025-03-10T13:51:02.376+0000] {sql.py:375} INFO - Running statement: 
        COPY staging_hr FROM '/tmp/hr_data1.csv' 
        DELIMITER ',' CSV HEADER;
        , parameters: None
[2025-03-10T13:51:02.382+0000] {sql.py:384} INFO - Rows affected: 368
[2025-03-10T13:51:02.395+0000] {taskinstance.py:1323} INFO - Marking task as SUCCESS. dag_id=project2, task_id=import_csv, execution_date=20250310T135101, start_date=20250310T135102, end_date=20250310T135102
[2025-03-10T13:51:02.449+0000] {local_task_job.py:208} INFO - Task exited with return code 0
[2025-03-10T13:51:02.465+0000] {taskinstance.py:2578} INFO - 0 downstream tasks scheduled from follow-on schedule check
