[2025-03-11T14:05:48.775+0000] {taskinstance.py:1083} INFO - Dependencies all met for <TaskInstance: project2.import_csv manual__2025-03-11T14:05:47.470557+00:00 [queued]>
[2025-03-11T14:05:48.783+0000] {taskinstance.py:1083} INFO - Dependencies all met for <TaskInstance: project2.import_csv manual__2025-03-11T14:05:47.470557+00:00 [queued]>
[2025-03-11T14:05:48.783+0000] {taskinstance.py:1279} INFO - 
--------------------------------------------------------------------------------
[2025-03-11T14:05:48.783+0000] {taskinstance.py:1280} INFO - Starting attempt 1 of 1
[2025-03-11T14:05:48.784+0000] {taskinstance.py:1281} INFO - 
--------------------------------------------------------------------------------
[2025-03-11T14:05:48.795+0000] {taskinstance.py:1300} INFO - Executing <Task(PostgresOperator): import_csv> on 2025-03-11 14:05:47.470557+00:00
[2025-03-11T14:05:48.799+0000] {standard_task_runner.py:55} INFO - Started process 994 to run task
[2025-03-11T14:05:48.801+0000] {standard_task_runner.py:82} INFO - Running: ['***', 'tasks', 'run', 'project2', 'import_csv', 'manual__2025-03-11T14:05:47.470557+00:00', '--job-id', '230', '--raw', '--subdir', 'DAGS_FOLDER/project2.py', '--cfg-path', '/tmp/tmp_hw7hyof']
[2025-03-11T14:05:48.802+0000] {standard_task_runner.py:83} INFO - Job 230: Subtask import_csv
[2025-03-11T14:05:48.854+0000] {task_command.py:388} INFO - Running <TaskInstance: project2.import_csv manual__2025-03-11T14:05:47.470557+00:00 [running]> on host 2ec744569db4
[2025-03-11T14:05:48.911+0000] {taskinstance.py:1509} INFO - Exporting the following env vars:
AIRFLOW_CTX_DAG_OWNER=***
AIRFLOW_CTX_DAG_ID=project2
AIRFLOW_CTX_TASK_ID=import_csv
AIRFLOW_CTX_EXECUTION_DATE=2025-03-11T14:05:47.470557+00:00
AIRFLOW_CTX_TRY_NUMBER=1
AIRFLOW_CTX_DAG_RUN_ID=manual__2025-03-11T14:05:47.470557+00:00
[2025-03-11T14:05:48.911+0000] {sql.py:254} INFO - Executing: 
        COPY staging_hr FROM '/tmp/hr_data1.csv'
        DELIMITER ',' CSV HEADER;
        
[2025-03-11T14:05:48.919+0000] {base.py:73} INFO - Using connection ID 'postgres_conn' for task execution.
[2025-03-11T14:05:49.103+0000] {base.py:73} INFO - Using connection ID 'postgres_conn' for task execution.
[2025-03-11T14:05:49.124+0000] {sql.py:375} INFO - Running statement: 
        COPY staging_hr FROM '/tmp/hr_data1.csv'
        DELIMITER ',' CSV HEADER;
        , parameters: None
[2025-03-11T14:05:49.129+0000] {taskinstance.py:1768} ERROR - Task failed with exception
Traceback (most recent call last):
  File "/home/airflow/.local/lib/python3.7/site-packages/airflow/providers/common/sql/operators/sql.py", line 266, in execute
    **extra_kwargs,
  File "/home/airflow/.local/lib/python3.7/site-packages/airflow/providers/common/sql/hooks/sql.py", line 349, in run
    self._run_command(cur, sql_statement, parameters)
  File "/home/airflow/.local/lib/python3.7/site-packages/airflow/providers/common/sql/hooks/sql.py", line 380, in _run_command
    cur.execute(sql_statement)
psycopg2.errors.UndefinedFile: could not open file "/tmp/hr_data1.csv" for reading: No such file or directory
HINT:  COPY FROM instructs the PostgreSQL server process to read a file. You may want a client-side facility such as psql's \copy.

[2025-03-11T14:05:49.136+0000] {taskinstance.py:1323} INFO - Marking task as FAILED. dag_id=project2, task_id=import_csv, execution_date=20250311T140547, start_date=20250311T140548, end_date=20250311T140549
[2025-03-11T14:05:49.147+0000] {standard_task_runner.py:105} ERROR - Failed to execute job 230 for task import_csv (could not open file "/tmp/hr_data1.csv" for reading: No such file or directory
HINT:  COPY FROM instructs the PostgreSQL server process to read a file. You may want a client-side facility such as psql's \copy.
; 994)
[2025-03-11T14:05:49.174+0000] {local_task_job.py:208} INFO - Task exited with return code 1
[2025-03-11T14:05:49.197+0000] {taskinstance.py:2578} INFO - 0 downstream tasks scheduled from follow-on schedule check
