[2025-03-11T19:05:25.019+0000] {taskinstance.py:1083} INFO - Dependencies all met for <TaskInstance: project2.import_csv manual__2025-03-11T19:05:24.489633+00:00 [queued]>
[2025-03-11T19:05:25.029+0000] {taskinstance.py:1083} INFO - Dependencies all met for <TaskInstance: project2.import_csv manual__2025-03-11T19:05:24.489633+00:00 [queued]>
[2025-03-11T19:05:25.030+0000] {taskinstance.py:1279} INFO - 
--------------------------------------------------------------------------------
[2025-03-11T19:05:25.030+0000] {taskinstance.py:1280} INFO - Starting attempt 1 of 1
[2025-03-11T19:05:25.031+0000] {taskinstance.py:1281} INFO - 
--------------------------------------------------------------------------------
[2025-03-11T19:05:25.044+0000] {taskinstance.py:1300} INFO - Executing <Task(PostgresOperator): import_csv> on 2025-03-11 19:05:24.489633+00:00
[2025-03-11T19:05:25.048+0000] {standard_task_runner.py:55} INFO - Started process 16721 to run task
[2025-03-11T19:05:25.050+0000] {standard_task_runner.py:82} INFO - Running: ['***', 'tasks', 'run', 'project2', 'import_csv', 'manual__2025-03-11T19:05:24.489633+00:00', '--job-id', '330', '--raw', '--subdir', 'DAGS_FOLDER/project2.py', '--cfg-path', '/tmp/tmpgx74zhb5']
[2025-03-11T19:05:25.051+0000] {standard_task_runner.py:83} INFO - Job 330: Subtask import_csv
[2025-03-11T19:05:25.112+0000] {task_command.py:388} INFO - Running <TaskInstance: project2.import_csv manual__2025-03-11T19:05:24.489633+00:00 [running]> on host 2ec744569db4
[2025-03-11T19:05:25.180+0000] {taskinstance.py:1509} INFO - Exporting the following env vars:
AIRFLOW_CTX_DAG_OWNER=***
AIRFLOW_CTX_DAG_ID=project2
AIRFLOW_CTX_TASK_ID=import_csv
AIRFLOW_CTX_EXECUTION_DATE=2025-03-11T19:05:24.489633+00:00
AIRFLOW_CTX_TRY_NUMBER=1
AIRFLOW_CTX_DAG_RUN_ID=manual__2025-03-11T19:05:24.489633+00:00
[2025-03-11T19:05:25.180+0000] {sql.py:254} INFO - Executing: 
        COPY staging_hr FROM '/tmp/hr_data1.csv'
        DELIMITER ',' CSV HEADER;
        
[2025-03-11T19:05:25.188+0000] {base.py:73} INFO - Using connection ID 'postgres_conn' for task execution.
[2025-03-11T19:05:25.386+0000] {base.py:73} INFO - Using connection ID 'postgres_conn' for task execution.
[2025-03-11T19:05:25.405+0000] {sql.py:375} INFO - Running statement: 
        COPY staging_hr FROM '/tmp/hr_data1.csv'
        DELIMITER ',' CSV HEADER;
        , parameters: None
[2025-03-11T19:05:25.410+0000] {sql.py:384} INFO - Rows affected: 368
[2025-03-11T19:05:25.424+0000] {taskinstance.py:1323} INFO - Marking task as SUCCESS. dag_id=project2, task_id=import_csv, execution_date=20250311T190524, start_date=20250311T190525, end_date=20250311T190525
[2025-03-11T19:05:25.464+0000] {local_task_job.py:208} INFO - Task exited with return code 0
[2025-03-11T19:05:25.493+0000] {taskinstance.py:2578} INFO - 1 downstream tasks scheduled from follow-on schedule check
