[2025-03-11T18:58:55.986+0000] {taskinstance.py:1083} INFO - Dependencies all met for <TaskInstance: project2.import_csv manual__2025-03-11T18:58:55.020908+00:00 [queued]>
[2025-03-11T18:58:55.997+0000] {taskinstance.py:1083} INFO - Dependencies all met for <TaskInstance: project2.import_csv manual__2025-03-11T18:58:55.020908+00:00 [queued]>
[2025-03-11T18:58:55.997+0000] {taskinstance.py:1279} INFO - 
--------------------------------------------------------------------------------
[2025-03-11T18:58:55.997+0000] {taskinstance.py:1280} INFO - Starting attempt 1 of 1
[2025-03-11T18:58:55.998+0000] {taskinstance.py:1281} INFO - 
--------------------------------------------------------------------------------
[2025-03-11T18:58:56.011+0000] {taskinstance.py:1300} INFO - Executing <Task(PostgresOperator): import_csv> on 2025-03-11 18:58:55.020908+00:00
[2025-03-11T18:58:56.015+0000] {standard_task_runner.py:55} INFO - Started process 16016 to run task
[2025-03-11T18:58:56.017+0000] {standard_task_runner.py:82} INFO - Running: ['***', 'tasks', 'run', 'project2', 'import_csv', 'manual__2025-03-11T18:58:55.020908+00:00', '--job-id', '312', '--raw', '--subdir', 'DAGS_FOLDER/project2.py', '--cfg-path', '/tmp/tmpduz_2h_l']
[2025-03-11T18:58:56.018+0000] {standard_task_runner.py:83} INFO - Job 312: Subtask import_csv
[2025-03-11T18:58:56.072+0000] {task_command.py:388} INFO - Running <TaskInstance: project2.import_csv manual__2025-03-11T18:58:55.020908+00:00 [running]> on host 2ec744569db4
[2025-03-11T18:58:56.142+0000] {taskinstance.py:1509} INFO - Exporting the following env vars:
AIRFLOW_CTX_DAG_OWNER=***
AIRFLOW_CTX_DAG_ID=project2
AIRFLOW_CTX_TASK_ID=import_csv
AIRFLOW_CTX_EXECUTION_DATE=2025-03-11T18:58:55.020908+00:00
AIRFLOW_CTX_TRY_NUMBER=1
AIRFLOW_CTX_DAG_RUN_ID=manual__2025-03-11T18:58:55.020908+00:00
[2025-03-11T18:58:56.143+0000] {sql.py:254} INFO - Executing: 
        COPY staging_hr FROM '/tmp/hr_data1.csv'
        DELIMITER ',' CSV HEADER;
        
[2025-03-11T18:58:56.151+0000] {base.py:73} INFO - Using connection ID 'postgres_conn' for task execution.
[2025-03-11T18:58:56.350+0000] {base.py:73} INFO - Using connection ID 'postgres_conn' for task execution.
[2025-03-11T18:58:56.373+0000] {sql.py:375} INFO - Running statement: 
        COPY staging_hr FROM '/tmp/hr_data1.csv'
        DELIMITER ',' CSV HEADER;
        , parameters: None
[2025-03-11T18:58:56.378+0000] {sql.py:384} INFO - Rows affected: 368
[2025-03-11T18:58:56.391+0000] {taskinstance.py:1323} INFO - Marking task as SUCCESS. dag_id=project2, task_id=import_csv, execution_date=20250311T185855, start_date=20250311T185855, end_date=20250311T185856
[2025-03-11T18:58:56.430+0000] {local_task_job.py:208} INFO - Task exited with return code 0
[2025-03-11T18:58:56.465+0000] {taskinstance.py:2578} INFO - 1 downstream tasks scheduled from follow-on schedule check
