[2025-03-11T17:46:04.895+0000] {taskinstance.py:1083} INFO - Dependencies all met for <TaskInstance: project2.insert_jobs manual__2025-03-11T17:46:00.357527+00:00 [queued]>
[2025-03-11T17:46:04.904+0000] {taskinstance.py:1083} INFO - Dependencies all met for <TaskInstance: project2.insert_jobs manual__2025-03-11T17:46:00.357527+00:00 [queued]>
[2025-03-11T17:46:04.904+0000] {taskinstance.py:1279} INFO - 
--------------------------------------------------------------------------------
[2025-03-11T17:46:04.905+0000] {taskinstance.py:1280} INFO - Starting attempt 1 of 1
[2025-03-11T17:46:04.905+0000] {taskinstance.py:1281} INFO - 
--------------------------------------------------------------------------------
[2025-03-11T17:46:04.917+0000] {taskinstance.py:1300} INFO - Executing <Task(PostgresOperator): insert_jobs> on 2025-03-11 17:46:00.357527+00:00
[2025-03-11T17:46:04.922+0000] {standard_task_runner.py:55} INFO - Started process 8493 to run task
[2025-03-11T17:46:04.924+0000] {standard_task_runner.py:82} INFO - Running: ['***', 'tasks', 'run', 'project2', 'insert_jobs', 'manual__2025-03-11T17:46:00.357527+00:00', '--job-id', '271', '--raw', '--subdir', 'DAGS_FOLDER/project2.py', '--cfg-path', '/tmp/tmpsniqx1g1']
[2025-03-11T17:46:04.925+0000] {standard_task_runner.py:83} INFO - Job 271: Subtask insert_jobs
[2025-03-11T17:46:04.980+0000] {task_command.py:388} INFO - Running <TaskInstance: project2.insert_jobs manual__2025-03-11T17:46:00.357527+00:00 [running]> on host 2ec744569db4
[2025-03-11T17:46:05.042+0000] {taskinstance.py:1509} INFO - Exporting the following env vars:
AIRFLOW_CTX_DAG_OWNER=***
AIRFLOW_CTX_DAG_ID=project2
AIRFLOW_CTX_TASK_ID=insert_jobs
AIRFLOW_CTX_EXECUTION_DATE=2025-03-11T17:46:00.357527+00:00
AIRFLOW_CTX_TRY_NUMBER=1
AIRFLOW_CTX_DAG_RUN_ID=manual__2025-03-11T17:46:00.357527+00:00
[2025-03-11T17:46:05.043+0000] {sql.py:254} INFO - Executing: CALL update_jobs();
[2025-03-11T17:46:05.051+0000] {base.py:73} INFO - Using connection ID 'postgres_conn' for task execution.
[2025-03-11T17:46:05.234+0000] {base.py:73} INFO - Using connection ID 'postgres_conn' for task execution.
[2025-03-11T17:46:05.249+0000] {sql.py:375} INFO - Running statement: CALL update_jobs();, parameters: None
[2025-03-11T17:46:05.272+0000] {taskinstance.py:1323} INFO - Marking task as SUCCESS. dag_id=project2, task_id=insert_jobs, execution_date=20250311T174600, start_date=20250311T174604, end_date=20250311T174605
[2025-03-11T17:46:05.297+0000] {local_task_job.py:208} INFO - Task exited with return code 0
[2025-03-11T17:46:05.326+0000] {taskinstance.py:2578} INFO - 1 downstream tasks scheduled from follow-on schedule check
