[2025-03-10T23:36:42.745+0000] {taskinstance.py:1083} INFO - Dependencies all met for <TaskInstance: project2.insert_jobs manual__2025-03-10T23:36:40.618299+00:00 [queued]>
[2025-03-10T23:36:42.760+0000] {taskinstance.py:1083} INFO - Dependencies all met for <TaskInstance: project2.insert_jobs manual__2025-03-10T23:36:40.618299+00:00 [queued]>
[2025-03-10T23:36:42.761+0000] {taskinstance.py:1279} INFO - 
--------------------------------------------------------------------------------
[2025-03-10T23:36:42.762+0000] {taskinstance.py:1280} INFO - Starting attempt 1 of 1
[2025-03-10T23:36:42.762+0000] {taskinstance.py:1281} INFO - 
--------------------------------------------------------------------------------
[2025-03-10T23:36:42.777+0000] {taskinstance.py:1300} INFO - Executing <Task(PostgresOperator): insert_jobs> on 2025-03-10 23:36:40.618299+00:00
[2025-03-10T23:36:42.783+0000] {standard_task_runner.py:55} INFO - Started process 1333 to run task
[2025-03-10T23:36:42.788+0000] {standard_task_runner.py:82} INFO - Running: ['***', 'tasks', 'run', 'project2', 'insert_jobs', 'manual__2025-03-10T23:36:40.618299+00:00', '--job-id', '184', '--raw', '--subdir', 'DAGS_FOLDER/project2.py', '--cfg-path', '/tmp/tmp4hmua9fx']
[2025-03-10T23:36:42.789+0000] {standard_task_runner.py:83} INFO - Job 184: Subtask insert_jobs
[2025-03-10T23:36:42.882+0000] {task_command.py:388} INFO - Running <TaskInstance: project2.insert_jobs manual__2025-03-10T23:36:40.618299+00:00 [running]> on host 9670e20211e7
[2025-03-10T23:36:42.980+0000] {taskinstance.py:1509} INFO - Exporting the following env vars:
AIRFLOW_CTX_DAG_OWNER=***
AIRFLOW_CTX_DAG_ID=project2
AIRFLOW_CTX_TASK_ID=insert_jobs
AIRFLOW_CTX_EXECUTION_DATE=2025-03-10T23:36:40.618299+00:00
AIRFLOW_CTX_TRY_NUMBER=1
AIRFLOW_CTX_DAG_RUN_ID=manual__2025-03-10T23:36:40.618299+00:00
[2025-03-10T23:36:42.981+0000] {sql.py:254} INFO - Executing: CALL update_jobs();
[2025-03-10T23:36:42.992+0000] {base.py:73} INFO - Using connection ID 'postgres_conn' for task execution.
[2025-03-10T23:36:43.308+0000] {base.py:73} INFO - Using connection ID 'postgres_conn' for task execution.
[2025-03-10T23:36:43.344+0000] {sql.py:375} INFO - Running statement: CALL update_jobs();, parameters: None
[2025-03-10T23:36:43.448+0000] {taskinstance.py:1323} INFO - Marking task as SUCCESS. dag_id=project2, task_id=insert_jobs, execution_date=20250310T233640, start_date=20250310T233642, end_date=20250310T233643
[2025-03-10T23:36:43.521+0000] {local_task_job.py:208} INFO - Task exited with return code 0
[2025-03-10T23:36:43.568+0000] {taskinstance.py:2578} INFO - 0 downstream tasks scheduled from follow-on schedule check
