[2025-03-10T18:45:16.810+0000] {taskinstance.py:1083} INFO - Dependencies all met for <TaskInstance: project2.insert_salaries manual__2025-03-10T18:45:12.658267+00:00 [queued]>
[2025-03-10T18:45:16.825+0000] {taskinstance.py:1083} INFO - Dependencies all met for <TaskInstance: project2.insert_salaries manual__2025-03-10T18:45:12.658267+00:00 [queued]>
[2025-03-10T18:45:16.826+0000] {taskinstance.py:1279} INFO - 
--------------------------------------------------------------------------------
[2025-03-10T18:45:16.826+0000] {taskinstance.py:1280} INFO - Starting attempt 1 of 1
[2025-03-10T18:45:16.827+0000] {taskinstance.py:1281} INFO - 
--------------------------------------------------------------------------------
[2025-03-10T18:45:16.842+0000] {taskinstance.py:1300} INFO - Executing <Task(PostgresOperator): insert_salaries> on 2025-03-10 18:45:12.658267+00:00
[2025-03-10T18:45:16.848+0000] {standard_task_runner.py:55} INFO - Started process 109 to run task
[2025-03-10T18:45:16.854+0000] {standard_task_runner.py:82} INFO - Running: ['***', 'tasks', 'run', 'project2', 'insert_salaries', 'manual__2025-03-10T18:45:12.658267+00:00', '--job-id', '134', '--raw', '--subdir', 'DAGS_FOLDER/project2.py', '--cfg-path', '/tmp/tmpw5f2izfo']
[2025-03-10T18:45:16.855+0000] {standard_task_runner.py:83} INFO - Job 134: Subtask insert_salaries
[2025-03-10T18:45:16.955+0000] {task_command.py:388} INFO - Running <TaskInstance: project2.insert_salaries manual__2025-03-10T18:45:12.658267+00:00 [running]> on host f1d7771c7032
[2025-03-10T18:45:17.043+0000] {taskinstance.py:1509} INFO - Exporting the following env vars:
AIRFLOW_CTX_DAG_OWNER=***
AIRFLOW_CTX_DAG_ID=project2
AIRFLOW_CTX_TASK_ID=insert_salaries
AIRFLOW_CTX_EXECUTION_DATE=2025-03-10T18:45:12.658267+00:00
AIRFLOW_CTX_TRY_NUMBER=1
AIRFLOW_CTX_DAG_RUN_ID=manual__2025-03-10T18:45:12.658267+00:00
[2025-03-10T18:45:17.044+0000] {sql.py:254} INFO - Executing: CALL update_salaries();
[2025-03-10T18:45:17.054+0000] {base.py:73} INFO - Using connection ID 'postgres_conn' for task execution.
[2025-03-10T18:45:17.280+0000] {base.py:73} INFO - Using connection ID 'postgres_conn' for task execution.
[2025-03-10T18:45:17.312+0000] {sql.py:375} INFO - Running statement: CALL update_salaries();, parameters: None
[2025-03-10T18:45:17.341+0000] {taskinstance.py:1768} ERROR - Task failed with exception
Traceback (most recent call last):
  File "/home/airflow/.local/lib/python3.7/site-packages/airflow/providers/common/sql/operators/sql.py", line 266, in execute
    **extra_kwargs,
  File "/home/airflow/.local/lib/python3.7/site-packages/airflow/providers/common/sql/hooks/sql.py", line 349, in run
    self._run_command(cur, sql_statement, parameters)
  File "/home/airflow/.local/lib/python3.7/site-packages/airflow/providers/common/sql/hooks/sql.py", line 380, in _run_command
    cur.execute(sql_statement)
psycopg2.errors.NotNullViolation: null value in column "salary_id" of relation "salaries" violates not-null constraint
DETAIL:  Failing row contains (null, null, 5993.00, 11, 0).
CONTEXT:  SQL statement "INSERT INTO salaries (salary_id, employee_id, MonthlyIncome, PercentSalaryHike, YearsSinceLastPromotion)
SELECT s.salary_id, s.employee_id, s.MonthlyIncome, s.PercentSalaryHike, s.YearsSinceLastPromotion
FROM staging_hr s
LEFT JOIN salaries sa ON s.salary_id = sa.salary_id
WHERE sa.salary_id IS NULL"
PL/pgSQL function update_salaries() line 3 at SQL statement

[2025-03-10T18:45:17.351+0000] {taskinstance.py:1323} INFO - Marking task as FAILED. dag_id=project2, task_id=insert_salaries, execution_date=20250310T184512, start_date=20250310T184516, end_date=20250310T184517
[2025-03-10T18:45:17.368+0000] {standard_task_runner.py:105} ERROR - Failed to execute job 134 for task insert_salaries (null value in column "salary_id" of relation "salaries" violates not-null constraint
DETAIL:  Failing row contains (null, null, 5993.00, 11, 0).
CONTEXT:  SQL statement "INSERT INTO salaries (salary_id, employee_id, MonthlyIncome, PercentSalaryHike, YearsSinceLastPromotion)
SELECT s.salary_id, s.employee_id, s.MonthlyIncome, s.PercentSalaryHike, s.YearsSinceLastPromotion
FROM staging_hr s
LEFT JOIN salaries sa ON s.salary_id = sa.salary_id
WHERE sa.salary_id IS NULL"
PL/pgSQL function update_salaries() line 3 at SQL statement
; 109)
[2025-03-10T18:45:17.424+0000] {local_task_job.py:208} INFO - Task exited with return code 1
[2025-03-10T18:45:17.481+0000] {taskinstance.py:2578} INFO - 0 downstream tasks scheduled from follow-on schedule check
