[2025-03-11T17:46:02.675+0000] {taskinstance.py:1083} INFO - Dependencies all met for <TaskInstance: project2.insert_department manual__2025-03-11T17:46:00.357527+00:00 [queued]>
[2025-03-11T17:46:02.689+0000] {taskinstance.py:1083} INFO - Dependencies all met for <TaskInstance: project2.insert_department manual__2025-03-11T17:46:00.357527+00:00 [queued]>
[2025-03-11T17:46:02.690+0000] {taskinstance.py:1279} INFO - 
--------------------------------------------------------------------------------
[2025-03-11T17:46:02.690+0000] {taskinstance.py:1280} INFO - Starting attempt 1 of 1
[2025-03-11T17:46:02.690+0000] {taskinstance.py:1281} INFO - 
--------------------------------------------------------------------------------
[2025-03-11T17:46:02.704+0000] {taskinstance.py:1300} INFO - Executing <Task(PostgresOperator): insert_department> on 2025-03-11 17:46:00.357527+00:00
[2025-03-11T17:46:02.708+0000] {standard_task_runner.py:55} INFO - Started process 8478 to run task
[2025-03-11T17:46:02.710+0000] {standard_task_runner.py:82} INFO - Running: ['***', 'tasks', 'run', 'project2', 'insert_department', 'manual__2025-03-11T17:46:00.357527+00:00', '--job-id', '269', '--raw', '--subdir', 'DAGS_FOLDER/project2.py', '--cfg-path', '/tmp/tmpw6242aok']
[2025-03-11T17:46:02.711+0000] {standard_task_runner.py:83} INFO - Job 269: Subtask insert_department
[2025-03-11T17:46:02.786+0000] {task_command.py:388} INFO - Running <TaskInstance: project2.insert_department manual__2025-03-11T17:46:00.357527+00:00 [running]> on host 2ec744569db4
[2025-03-11T17:46:02.869+0000] {taskinstance.py:1509} INFO - Exporting the following env vars:
AIRFLOW_CTX_DAG_OWNER=***
AIRFLOW_CTX_DAG_ID=project2
AIRFLOW_CTX_TASK_ID=insert_department
AIRFLOW_CTX_EXECUTION_DATE=2025-03-11T17:46:00.357527+00:00
AIRFLOW_CTX_TRY_NUMBER=1
AIRFLOW_CTX_DAG_RUN_ID=manual__2025-03-11T17:46:00.357527+00:00
[2025-03-11T17:46:02.869+0000] {sql.py:254} INFO - Executing: CALL update_department();
[2025-03-11T17:46:02.877+0000] {base.py:73} INFO - Using connection ID 'postgres_conn' for task execution.
[2025-03-11T17:46:03.065+0000] {base.py:73} INFO - Using connection ID 'postgres_conn' for task execution.
[2025-03-11T17:46:03.082+0000] {sql.py:375} INFO - Running statement: CALL update_department();, parameters: None
[2025-03-11T17:46:03.104+0000] {taskinstance.py:1323} INFO - Marking task as SUCCESS. dag_id=project2, task_id=insert_department, execution_date=20250311T174600, start_date=20250311T174602, end_date=20250311T174603
[2025-03-11T17:46:03.163+0000] {local_task_job.py:208} INFO - Task exited with return code 0
[2025-03-11T17:46:03.194+0000] {taskinstance.py:2578} INFO - 1 downstream tasks scheduled from follow-on schedule check
