[2025-03-10T14:24:18.124+0000] {taskinstance.py:1083} INFO - Dependencies all met for <TaskInstance: project2.insert_salaries manual__2025-03-10T14:24:14.803074+00:00 [queued]>
[2025-03-10T14:24:18.144+0000] {taskinstance.py:1083} INFO - Dependencies all met for <TaskInstance: project2.insert_salaries manual__2025-03-10T14:24:14.803074+00:00 [queued]>
[2025-03-10T14:24:18.144+0000] {taskinstance.py:1279} INFO - 
--------------------------------------------------------------------------------
[2025-03-10T14:24:18.145+0000] {taskinstance.py:1280} INFO - Starting attempt 1 of 1
[2025-03-10T14:24:18.145+0000] {taskinstance.py:1281} INFO - 
--------------------------------------------------------------------------------
[2025-03-10T14:24:18.170+0000] {taskinstance.py:1300} INFO - Executing <Task(PostgresOperator): insert_salaries> on 2025-03-10 14:24:14.803074+00:00
[2025-03-10T14:24:18.177+0000] {standard_task_runner.py:55} INFO - Started process 6072 to run task
[2025-03-10T14:24:18.181+0000] {standard_task_runner.py:82} INFO - Running: ['***', 'tasks', 'run', 'project2', 'insert_salaries', 'manual__2025-03-10T14:24:14.803074+00:00', '--job-id', '109', '--raw', '--subdir', 'DAGS_FOLDER/project2.py', '--cfg-path', '/tmp/tmpbz_yvkk8']
[2025-03-10T14:24:18.182+0000] {standard_task_runner.py:83} INFO - Job 109: Subtask insert_salaries
[2025-03-10T14:24:18.282+0000] {task_command.py:388} INFO - Running <TaskInstance: project2.insert_salaries manual__2025-03-10T14:24:14.803074+00:00 [running]> on host d234808dccbd
[2025-03-10T14:24:18.430+0000] {taskinstance.py:1509} INFO - Exporting the following env vars:
AIRFLOW_CTX_DAG_OWNER=***
AIRFLOW_CTX_DAG_ID=project2
AIRFLOW_CTX_TASK_ID=insert_salaries
AIRFLOW_CTX_EXECUTION_DATE=2025-03-10T14:24:14.803074+00:00
AIRFLOW_CTX_TRY_NUMBER=1
AIRFLOW_CTX_DAG_RUN_ID=manual__2025-03-10T14:24:14.803074+00:00
[2025-03-10T14:24:18.432+0000] {sql.py:254} INFO - Executing: CALL update_salaries();
[2025-03-10T14:24:18.458+0000] {base.py:73} INFO - Using connection ID 'postgres_conn' for task execution.
[2025-03-10T14:24:18.825+0000] {base.py:73} INFO - Using connection ID 'postgres_conn' for task execution.
[2025-03-10T14:24:18.852+0000] {sql.py:375} INFO - Running statement: CALL update_salaries();, parameters: None
[2025-03-10T14:24:18.861+0000] {taskinstance.py:1768} ERROR - Task failed with exception
Traceback (most recent call last):
  File "/home/airflow/.local/lib/python3.7/site-packages/airflow/providers/common/sql/operators/sql.py", line 266, in execute
    **extra_kwargs,
  File "/home/airflow/.local/lib/python3.7/site-packages/airflow/providers/common/sql/hooks/sql.py", line 349, in run
    self._run_command(cur, sql_statement, parameters)
  File "/home/airflow/.local/lib/python3.7/site-packages/airflow/providers/common/sql/hooks/sql.py", line 380, in _run_command
    cur.execute(sql_statement)
psycopg2.errors.UndefinedColumn: column s.salary_id does not exist
LINE 4: LEFT JOIN salaries sa ON s.salary_id = sa.salary_id
                                 ^
HINT:  Perhaps you meant to reference the column "sa.salary_id".
QUERY:  INSERT INTO salaries (salary_id, employee_id, MonthlyIncome, PercentSalaryHike, YearsSinceLastPromotion)
SELECT s.salary_id, s.employee_id, s.MonthlyIncome, s.PercentSalaryHike, s.YearsSinceLastPromotion
FROM staging_hr s
LEFT JOIN salaries sa ON s.salary_id = sa.salary_id
WHERE sa.salary_id IS NULL
CONTEXT:  PL/pgSQL function update_salaries() line 3 at SQL statement

[2025-03-10T14:24:18.873+0000] {taskinstance.py:1323} INFO - Marking task as FAILED. dag_id=project2, task_id=insert_salaries, execution_date=20250310T142414, start_date=20250310T142418, end_date=20250310T142418
[2025-03-10T14:24:18.887+0000] {standard_task_runner.py:105} ERROR - Failed to execute job 109 for task insert_salaries (column s.salary_id does not exist
LINE 4: LEFT JOIN salaries sa ON s.salary_id = sa.salary_id
                                 ^
HINT:  Perhaps you meant to reference the column "sa.salary_id".
QUERY:  INSERT INTO salaries (salary_id, employee_id, MonthlyIncome, PercentSalaryHike, YearsSinceLastPromotion)
SELECT s.salary_id, s.employee_id, s.MonthlyIncome, s.PercentSalaryHike, s.YearsSinceLastPromotion
FROM staging_hr s
LEFT JOIN salaries sa ON s.salary_id = sa.salary_id
WHERE sa.salary_id IS NULL
CONTEXT:  PL/pgSQL function update_salaries() line 3 at SQL statement
; 6072)
[2025-03-10T14:24:18.916+0000] {local_task_job.py:208} INFO - Task exited with return code 1
[2025-03-10T14:24:18.936+0000] {taskinstance.py:2578} INFO - 0 downstream tasks scheduled from follow-on schedule check
