[2025-03-10T16:45:39.953+0000] {taskinstance.py:1083} INFO - Dependencies all met for <TaskInstance: project2.alter_staging manual__2025-03-10T16:45:38.023190+00:00 [queued]>
[2025-03-10T16:45:39.960+0000] {taskinstance.py:1083} INFO - Dependencies all met for <TaskInstance: project2.alter_staging manual__2025-03-10T16:45:38.023190+00:00 [queued]>
[2025-03-10T16:45:39.960+0000] {taskinstance.py:1279} INFO - 
--------------------------------------------------------------------------------
[2025-03-10T16:45:39.961+0000] {taskinstance.py:1280} INFO - Starting attempt 1 of 1
[2025-03-10T16:45:39.961+0000] {taskinstance.py:1281} INFO - 
--------------------------------------------------------------------------------
[2025-03-10T16:45:39.973+0000] {taskinstance.py:1300} INFO - Executing <Task(PostgresOperator): alter_staging> on 2025-03-10 16:45:38.023190+00:00
[2025-03-10T16:45:39.979+0000] {standard_task_runner.py:55} INFO - Started process 1045 to run task
[2025-03-10T16:45:39.982+0000] {standard_task_runner.py:82} INFO - Running: ['***', 'tasks', 'run', 'project2', 'alter_staging', 'manual__2025-03-10T16:45:38.023190+00:00', '--job-id', '118', '--raw', '--subdir', 'DAGS_FOLDER/project2.py', '--cfg-path', '/tmp/tmpwp4jq76h']
[2025-03-10T16:45:39.983+0000] {standard_task_runner.py:83} INFO - Job 118: Subtask alter_staging
[2025-03-10T16:45:40.044+0000] {task_command.py:388} INFO - Running <TaskInstance: project2.alter_staging manual__2025-03-10T16:45:38.023190+00:00 [running]> on host 9f269e3d46f6
[2025-03-10T16:45:40.107+0000] {taskinstance.py:1509} INFO - Exporting the following env vars:
AIRFLOW_CTX_DAG_OWNER=***
AIRFLOW_CTX_DAG_ID=project2
AIRFLOW_CTX_TASK_ID=alter_staging
AIRFLOW_CTX_EXECUTION_DATE=2025-03-10T16:45:38.023190+00:00
AIRFLOW_CTX_TRY_NUMBER=1
AIRFLOW_CTX_DAG_RUN_ID=manual__2025-03-10T16:45:38.023190+00:00
[2025-03-10T16:45:40.108+0000] {sql.py:254} INFO - Executing: CALL alter_staging()
[2025-03-10T16:45:40.117+0000] {base.py:73} INFO - Using connection ID 'postgres_conn' for task execution.
[2025-03-10T16:45:40.317+0000] {base.py:73} INFO - Using connection ID 'postgres_conn' for task execution.
[2025-03-10T16:45:40.337+0000] {sql.py:375} INFO - Running statement: CALL alter_staging(), parameters: None
[2025-03-10T16:45:40.429+0000] {taskinstance.py:1323} INFO - Marking task as SUCCESS. dag_id=project2, task_id=alter_staging, execution_date=20250310T164538, start_date=20250310T164539, end_date=20250310T164540
[2025-03-10T16:45:40.476+0000] {local_task_job.py:208} INFO - Task exited with return code 0
[2025-03-10T16:45:40.497+0000] {taskinstance.py:2578} INFO - 5 downstream tasks scheduled from follow-on schedule check
