[2025-03-11T19:13:05.908+0000] {taskinstance.py:1083} INFO - Dependencies all met for <TaskInstance: project2.clear_staging manual__2025-03-11T19:12:50.563766+00:00 [queued]>
[2025-03-11T19:13:05.918+0000] {taskinstance.py:1083} INFO - Dependencies all met for <TaskInstance: project2.clear_staging manual__2025-03-11T19:12:50.563766+00:00 [queued]>
[2025-03-11T19:13:05.918+0000] {taskinstance.py:1279} INFO - 
--------------------------------------------------------------------------------
[2025-03-11T19:13:05.919+0000] {taskinstance.py:1280} INFO - Starting attempt 1 of 1
[2025-03-11T19:13:05.919+0000] {taskinstance.py:1281} INFO - 
--------------------------------------------------------------------------------
[2025-03-11T19:13:05.932+0000] {taskinstance.py:1300} INFO - Executing <Task(PostgresOperator): clear_staging> on 2025-03-11 19:12:50.563766+00:00
[2025-03-11T19:13:05.936+0000] {standard_task_runner.py:55} INFO - Started process 152 to run task
[2025-03-11T19:13:05.939+0000] {standard_task_runner.py:82} INFO - Running: ['***', 'tasks', 'run', 'project2', 'clear_staging', 'manual__2025-03-11T19:12:50.563766+00:00', '--job-id', '347', '--raw', '--subdir', 'DAGS_FOLDER/project2.py', '--cfg-path', '/tmp/tmpz45ccd5f']
[2025-03-11T19:13:05.939+0000] {standard_task_runner.py:83} INFO - Job 347: Subtask clear_staging
[2025-03-11T19:13:05.999+0000] {task_command.py:388} INFO - Running <TaskInstance: project2.clear_staging manual__2025-03-11T19:12:50.563766+00:00 [running]> on host ea6da4397df7
[2025-03-11T19:13:06.061+0000] {taskinstance.py:1509} INFO - Exporting the following env vars:
AIRFLOW_CTX_DAG_OWNER=***
AIRFLOW_CTX_DAG_ID=project2
AIRFLOW_CTX_TASK_ID=clear_staging
AIRFLOW_CTX_EXECUTION_DATE=2025-03-11T19:12:50.563766+00:00
AIRFLOW_CTX_TRY_NUMBER=1
AIRFLOW_CTX_DAG_RUN_ID=manual__2025-03-11T19:12:50.563766+00:00
[2025-03-11T19:13:06.062+0000] {sql.py:254} INFO - Executing: CALL truncate_table('staging_hr');
[2025-03-11T19:13:06.070+0000] {base.py:73} INFO - Using connection ID 'postgres_conn' for task execution.
[2025-03-11T19:13:06.259+0000] {base.py:73} INFO - Using connection ID 'postgres_conn' for task execution.
[2025-03-11T19:13:06.277+0000] {sql.py:375} INFO - Running statement: CALL truncate_table('staging_hr');, parameters: None
[2025-03-11T19:13:06.299+0000] {taskinstance.py:1323} INFO - Marking task as SUCCESS. dag_id=project2, task_id=clear_staging, execution_date=20250311T191250, start_date=20250311T191305, end_date=20250311T191306
[2025-03-11T19:13:06.352+0000] {local_task_job.py:208} INFO - Task exited with return code 0
[2025-03-11T19:13:06.377+0000] {taskinstance.py:2578} INFO - 1 downstream tasks scheduled from follow-on schedule check
