[2025-03-11T18:09:16.188+0000] {taskinstance.py:1083} INFO - Dependencies all met for <TaskInstance: project2.export_postgres manual__2025-03-11T18:09:06.609107+00:00 [queued]>
[2025-03-11T18:09:16.197+0000] {taskinstance.py:1083} INFO - Dependencies all met for <TaskInstance: project2.export_postgres manual__2025-03-11T18:09:06.609107+00:00 [queued]>
[2025-03-11T18:09:16.198+0000] {taskinstance.py:1279} INFO - 
--------------------------------------------------------------------------------
[2025-03-11T18:09:16.198+0000] {taskinstance.py:1280} INFO - Starting attempt 1 of 1
[2025-03-11T18:09:16.198+0000] {taskinstance.py:1281} INFO - 
--------------------------------------------------------------------------------
[2025-03-11T18:09:16.211+0000] {taskinstance.py:1300} INFO - Executing <Task(SSHOperator): export_postgres> on 2025-03-11 18:09:06.609107+00:00
[2025-03-11T18:09:16.216+0000] {standard_task_runner.py:55} INFO - Started process 10923 to run task
[2025-03-11T18:09:16.218+0000] {standard_task_runner.py:82} INFO - Running: ['***', 'tasks', 'run', 'project2', 'export_postgres', 'manual__2025-03-11T18:09:06.609107+00:00', '--job-id', '301', '--raw', '--subdir', 'DAGS_FOLDER/project2.py', '--cfg-path', '/tmp/tmpnjgeu593']
[2025-03-11T18:09:16.219+0000] {standard_task_runner.py:83} INFO - Job 301: Subtask export_postgres
[2025-03-11T18:09:16.276+0000] {task_command.py:388} INFO - Running <TaskInstance: project2.export_postgres manual__2025-03-11T18:09:06.609107+00:00 [running]> on host 2ec744569db4
[2025-03-11T18:09:16.346+0000] {taskinstance.py:1509} INFO - Exporting the following env vars:
AIRFLOW_CTX_DAG_OWNER=***
AIRFLOW_CTX_DAG_ID=project2
AIRFLOW_CTX_TASK_ID=export_postgres
AIRFLOW_CTX_EXECUTION_DATE=2025-03-11T18:09:06.609107+00:00
AIRFLOW_CTX_TRY_NUMBER=1
AIRFLOW_CTX_DAG_RUN_ID=manual__2025-03-11T18:09:06.609107+00:00
[2025-03-11T18:09:16.347+0000] {ssh.py:133} INFO - Creating ssh_client
[2025-03-11T18:09:16.376+0000] {ssh.py:111} INFO - ssh_hook is not provided or invalid. Trying ssh_conn_id to create SSHHook.
[2025-03-11T18:09:16.384+0000] {base.py:73} INFO - Using connection ID 'ssh_vm' for task execution.
[2025-03-11T18:09:16.385+0000] {ssh.py:283} WARNING - No Host Key Verification. This won't protect against Man-In-The-Middle attacks
[2025-03-11T18:09:16.398+0000] {transport.py:1874} INFO - Connected (version 2.0, client OpenSSH_9.6p1)
[2025-03-11T18:09:16.426+0000] {transport.py:1874} INFO - Authentication (password) successful!
[2025-03-11T18:09:16.427+0000] {ssh.py:460} INFO - Running command: export PGPASSWORD='***' && pg_dump -U postgres -h localhost -p 5432 -F c -b -v -f /tmp/backup_db.dump postgres
[2025-03-11T18:09:16.647+0000] {ssh.py:501} WARNING - pg_dump: last built-in OID is 16383
[2025-03-11T18:09:16.649+0000] {ssh.py:501} WARNING - pg_dump: reading extensions
[2025-03-11T18:09:16.650+0000] {ssh.py:501} WARNING - pg_dump: identifying extension members
[2025-03-11T18:09:16.652+0000] {ssh.py:501} WARNING - pg_dump: reading schemas
[2025-03-11T18:09:16.652+0000] {ssh.py:501} WARNING - pg_dump: reading user-defined tables
[2025-03-11T18:09:16.663+0000] {ssh.py:501} WARNING - pg_dump: reading user-defined functions
[2025-03-11T18:09:16.669+0000] {ssh.py:501} WARNING - pg_dump: reading user-defined types
[2025-03-11T18:09:16.673+0000] {ssh.py:501} WARNING - pg_dump: reading procedural languages
[2025-03-11T18:09:16.674+0000] {ssh.py:501} WARNING - pg_dump: reading user-defined aggregate functions
[2025-03-11T18:09:16.675+0000] {ssh.py:501} WARNING - pg_dump: reading user-defined operators
[2025-03-11T18:09:16.676+0000] {ssh.py:501} WARNING - pg_dump: reading user-defined access methods
[2025-03-11T18:09:16.677+0000] {ssh.py:501} WARNING - pg_dump: reading user-defined operator classes
[2025-03-11T18:09:16.678+0000] {ssh.py:501} WARNING - pg_dump: reading user-defined operator families
[2025-03-11T18:09:16.679+0000] {ssh.py:501} WARNING - pg_dump: reading user-defined text search parsers
[2025-03-11T18:09:16.680+0000] {ssh.py:501} WARNING - pg_dump: reading user-defined text search templates
[2025-03-11T18:09:16.680+0000] {ssh.py:501} WARNING - pg_dump: reading user-defined text search dictionaries
[2025-03-11T18:09:16.681+0000] {ssh.py:501} WARNING - pg_dump: reading user-defined text search configurations
[2025-03-11T18:09:16.682+0000] {ssh.py:501} WARNING - pg_dump: reading user-defined foreign-data wrappers
[2025-03-11T18:09:16.683+0000] {ssh.py:501} WARNING - pg_dump: reading user-defined foreign servers
[2025-03-11T18:09:16.683+0000] {ssh.py:501} WARNING - pg_dump: reading default privileges
[2025-03-11T18:09:16.684+0000] {ssh.py:501} WARNING - pg_dump: reading user-defined collations
[2025-03-11T18:09:16.686+0000] {ssh.py:501} WARNING - pg_dump: reading user-defined conversions
[2025-03-11T18:09:16.687+0000] {ssh.py:501} WARNING - pg_dump: reading type casts
[2025-03-11T18:09:16.688+0000] {ssh.py:501} WARNING - pg_dump: reading transforms
[2025-03-11T18:09:16.689+0000] {ssh.py:501} WARNING - pg_dump: reading table inheritance information
[2025-03-11T18:09:16.690+0000] {ssh.py:501} WARNING - pg_dump: reading event triggers
[2025-03-11T18:09:16.691+0000] {ssh.py:501} WARNING - pg_dump: finding extension tables
[2025-03-11T18:09:16.692+0000] {ssh.py:501} WARNING - pg_dump: finding inheritance relationships
[2025-03-11T18:09:16.692+0000] {ssh.py:501} WARNING - pg_dump: reading column info for interesting tables
[2025-03-11T18:09:16.694+0000] {ssh.py:501} WARNING - pg_dump: finding table default expressions
[2025-03-11T18:09:16.695+0000] {ssh.py:501} WARNING - pg_dump: flagging inherited columns in subtables
[2025-03-11T18:09:16.695+0000] {ssh.py:501} WARNING - pg_dump: reading partitioning data
[2025-03-11T18:09:16.696+0000] {ssh.py:501} WARNING - pg_dump: reading indexes
[2025-03-11T18:09:16.703+0000] {ssh.py:501} WARNING - pg_dump: flagging indexes in partitioned tables
[2025-03-11T18:09:16.703+0000] {ssh.py:501} WARNING - pg_dump: reading extended statistics
[2025-03-11T18:09:16.704+0000] {ssh.py:501} WARNING - pg_dump: reading constraints
[2025-03-11T18:09:16.704+0000] {ssh.py:501} WARNING - pg_dump: reading triggers
[2025-03-11T18:09:16.705+0000] {ssh.py:501} WARNING - pg_dump: reading rewrite rules
[2025-03-11T18:09:16.706+0000] {ssh.py:501} WARNING - pg_dump: reading policies
[2025-03-11T18:09:16.707+0000] {ssh.py:501} WARNING - pg_dump: reading row-level security policies
[2025-03-11T18:09:16.708+0000] {ssh.py:501} WARNING - pg_dump: reading publications
[2025-03-11T18:09:16.709+0000] {ssh.py:501} WARNING - pg_dump: reading publication membership of tables
[2025-03-11T18:09:16.710+0000] {ssh.py:501} WARNING - pg_dump: reading publication membership of schemas
[2025-03-11T18:09:16.711+0000] {ssh.py:501} WARNING - pg_dump: reading subscriptions
[2025-03-11T18:09:16.713+0000] {ssh.py:501} WARNING - pg_dump: reading large objects
[2025-03-11T18:09:16.714+0000] {ssh.py:501} WARNING - pg_dump: reading dependency data
[2025-03-11T18:09:16.729+0000] {ssh.py:501} WARNING - pg_dump: saving encoding = UTF8
[2025-03-11T18:09:16.730+0000] {ssh.py:501} WARNING - pg_dump: saving standard_conforming_strings = on
[2025-03-11T18:09:16.730+0000] {ssh.py:501} WARNING - pg_dump: saving search_path = 
[2025-03-11T18:09:16.731+0000] {ssh.py:501} WARNING - pg_dump: saving database definition
[2025-03-11T18:09:16.743+0000] {ssh.py:501} WARNING - pg_dump: dumping contents of table "public.department"
[2025-03-11T18:09:16.744+0000] {ssh.py:501} WARNING - pg_dump: dumping contents of table "public.employee_departments"
[2025-03-11T18:09:16.744+0000] {ssh.py:501} WARNING - pg_dump: dumping contents of table "public.employees"
[2025-03-11T18:09:16.746+0000] {ssh.py:501} WARNING - pg_dump: dumping contents of table "public.jobs"
[2025-03-11T18:09:16.747+0000] {ssh.py:501} WARNING - pg_dump: dumping contents of table "public.salaries"
[2025-03-11T18:09:16.749+0000] {ssh.py:501} WARNING - pg_dump: dumping contents of table "public.staging_hr"
[2025-03-11T18:09:16.786+0000] {taskinstance.py:1323} INFO - Marking task as SUCCESS. dag_id=project2, task_id=export_postgres, execution_date=20250311T180906, start_date=20250311T180916, end_date=20250311T180916
[2025-03-11T18:09:16.832+0000] {local_task_job.py:208} INFO - Task exited with return code 0
[2025-03-11T18:09:16.854+0000] {taskinstance.py:2578} INFO - 1 downstream tasks scheduled from follow-on schedule check
